2025-09-10 17:00:10,822 - INFO - 🔄 Realizando carga inicial de la base de datos de productos...
2025-09-10 17:00:12,167 - INFO - ✅ Base de datos de productos cargada desde el backend: https://de52c08faf8b.ngrok-free.app/api/products.json
2025-09-10 17:00:12,173 - INFO - Intentando conectar al ESP32 en COM3...
2025-09-10 17:00:12,174 - INFO - 🛰️  Hilo de envío offline iniciado.
2025-09-10 17:00:12,196 - INFO - 🧠 Cerebro Principal iniciado. Esperando eventos...
2025-09-10 17:00:14,207 - INFO - ✅ Conexión con ESP32 exitosa.
2025-09-10 17:00:15,788 - INFO - [Cámara 0] Cámara abierta y lista.
2025-09-10 17:00:21,573 - INFO - ✅ Offset de tiempo global inicial calculado.
2025-09-10 17:00:21,573 - INFO - ℹ️ Reporte de estado recibido. Poniendo en cola para envío...
2025-09-10 17:00:21,574 - INFO - 📤 Enviando lote 0b85d839-4d29-47b4-8ded-1eb331a62747 (1 evento(s)) al backend...
2025-09-10 17:00:22,888 - INFO - ✅ Envío exitoso. Lote 0b85d839-4d29-47b4-8ded-1eb331a62747. Respuesta del servidor: 200
2025-09-10 17:00:30,317 - INFO - 🚪 Puerta Abierta! Iniciando sesión de captura...
2025-09-10 17:00:38,480 - INFO - 🚪 Puerta Cerrada o Timeout. Finalizando captura y delegando al procesador...
2025-09-10 17:00:38,480 - INFO - ==================== ⚙️ INICIO ANÁLISIS DE SESIÓN ====================
2025-09-10 17:00:38,481 - INFO - 🧠 Sistema en modo IDLE, listo para la siguiente apertura.
2025-09-10 17:00:39,391 - INFO -   - Datos de entrada: 68 detecciones de ArUco, 4 eventos de sensor.
2025-09-10 17:00:39,391 - INFO -   - Resultado: 2 transacciones netas para enviar.
2025-09-10 17:00:39,392 - WARNING -   - ❗ Esta sesión contiene transacciones de baja confianza. Las imágenes se guardarán para revisión.
2025-09-10 17:00:39,392 - INFO - 📤 Enviando lote d71d5b7d-ff4b-4c08-a7b2-d7dc59d87cbe (2 evento(s)) al backend...
2025-09-10 17:00:39,393 - INFO - 💾 Guardando 81 imágenes para revisión en: d:\Desktop\GITHUB jumaar\vorak\MODULO-NEVERA\review_queue\d71d5b7d-ff4b-4c08-a7b2-d7dc59d87cbe
2025-09-10 17:00:39,712 - INFO - ✅ Imágenes para revisión guardadas con éxito.
2025-09-10 17:00:39,715 - INFO - ==============================================================
2025-09-10 17:00:40,889 - INFO - ✅ Envío exitoso. Lote d71d5b7d-ff4b-4c08-a7b2-d7dc59d87cbe. Respuesta del servidor: 200
2025-09-10 17:00:51,633 - INFO - ℹ️ Reporte de estado recibido. Poniendo en cola para envío...
2025-09-10 17:00:51,634 - INFO - 📤 Enviando lote 2fa42fef-c0f6-46c1-98b3-3bf5cca0bd4f (1 evento(s)) al backend...
2025-09-10 17:00:52,825 - INFO - ✅ Envío exitoso. Lote 2fa42fef-c0f6-46c1-98b3-3bf5cca0bd4f. Respuesta del servidor: 200
2025-09-10 17:01:21,689 - INFO - ℹ️ Reporte de estado recibido. Poniendo en cola para envío...
2025-09-10 17:01:21,689 - INFO - 📤 Enviando lote 0bc9d297-6ac6-4dae-b99a-1a2aad428159 (1 evento(s)) al backend...
2025-09-10 17:01:23,112 - INFO - ✅ Envío exitoso. Lote 0bc9d297-6ac6-4dae-b99a-1a2aad428159. Respuesta del servidor: 200
2025-09-10 17:01:51,745 - INFO - ℹ️ Reporte de estado recibido. Poniendo en cola para envío...
2025-09-10 17:01:51,746 - INFO - 📤 Enviando lote cd8bbbca-26a3-4214-8b3b-d6bc19df19f3 (1 evento(s)) al backend...
2025-09-10 17:01:52,894 - INFO - ✅ Envío exitoso. Lote cd8bbbca-26a3-4214-8b3b-d6bc19df19f3. Respuesta del servidor: 200
2025-09-10 17:08:01,587 - INFO - 🔄 Realizando carga inicial de la base de datos de productos...
2025-09-10 17:08:02,821 - INFO - ✅ Base de datos de productos cargada desde el backend: https://de52c08faf8b.ngrok-free.app/api/products.json
2025-09-10 17:08:02,825 - INFO - Intentando conectar al ESP32 en COM3...
2025-09-10 17:08:02,826 - INFO - 🛰️  Hilo de envío offline iniciado.
2025-09-10 17:08:02,827 - INFO - 🧠 Cerebro Principal iniciado. Esperando eventos...
2025-09-10 17:08:04,828 - INFO - ✅ Conexión con ESP32 exitosa.
2025-09-10 17:08:06,762 - INFO - [Cámara 0] Cámara abierta y lista.
2025-09-10 17:08:21,618 - INFO - 🔄 Realizando carga inicial de la base de datos de productos...
2025-09-10 17:08:22,748 - INFO - ✅ Base de datos de productos cargada desde el backend: https://de52c08faf8b.ngrok-free.app/api/products.json
2025-09-10 17:08:22,751 - INFO - Intentando conectar al ESP32 en COM3...
2025-09-10 17:08:22,753 - INFO - 🛰️  Hilo de envío offline iniciado.
2025-09-10 17:08:22,754 - INFO - 🧠 Cerebro Principal iniciado. Esperando eventos...
2025-09-10 17:08:24,755 - INFO - ✅ Conexión con ESP32 exitosa.
2025-09-10 17:08:26,561 - INFO - [Cámara 0] Cámara abierta y lista.
2025-09-10 17:08:52,583 - INFO - ✅ Offset de tiempo global inicial calculado.
2025-09-10 17:08:52,584 - INFO - ℹ️ Reporte de estado recibido. Poniendo en cola para envío...
2025-09-10 17:08:52,584 - INFO - 📤 Enviando lote 5842b688-a47c-4181-b267-72bc57de12c2 (1 evento(s)) al backend...
2025-09-10 17:08:53,802 - INFO - ✅ Envío exitoso. Lote 5842b688-a47c-4181-b267-72bc57de12c2. Respuesta del servidor: 200
2025-09-10 17:09:13,142 - INFO - 🚪 Puerta Abierta! Iniciando sesión de captura...
2025-09-10 17:09:18,329 - INFO - 🚪 Puerta Cerrada o Timeout. Finalizando captura y delegando al procesador...
2025-09-10 17:09:18,330 - INFO - ==================== ⚙️ INICIO ANÁLISIS DE SESIÓN ====================
2025-09-10 17:09:18,330 - INFO - 🧠 Sistema en modo IDLE, listo para la siguiente apertura.
2025-09-10 17:09:18,869 - INFO -   - Datos de entrada: 6 detecciones de ArUco, 3 eventos de sensor.
2025-09-10 17:09:18,870 - INFO -   - Resultado: 1 transacciones netas para enviar.
2025-09-10 17:09:18,870 - INFO - ==============================================================
2025-09-10 17:09:18,870 - INFO - 📤 Enviando lote b19a7e7b-3c3a-47b8-be2f-ce7a79fa758e (1 evento(s)) al backend...
2025-09-10 17:09:20,362 - INFO - ✅ Envío exitoso. Lote b19a7e7b-3c3a-47b8-be2f-ce7a79fa758e. Respuesta del servidor: 200
2025-09-10 17:09:22,645 - INFO - ℹ️ Reporte de estado recibido. Poniendo en cola para envío...
2025-09-10 17:09:22,646 - INFO - 📤 Enviando lote 6fece83c-f630-4f78-bd71-4f0ce5df54e8 (1 evento(s)) al backend...
2025-09-10 17:09:23,760 - INFO - ✅ Envío exitoso. Lote 6fece83c-f630-4f78-bd71-4f0ce5df54e8. Respuesta del servidor: 200
2025-09-10 17:09:50,504 - INFO - 🚪 Puerta Abierta! Iniciando sesión de captura...
2025-09-10 17:09:56,601 - INFO - 🚪 Puerta Cerrada o Timeout. Finalizando captura y delegando al procesador...
2025-09-10 17:09:56,605 - INFO - ==================== ⚙️ INICIO ANÁLISIS DE SESIÓN ====================
2025-09-10 17:09:56,606 - INFO - 🧠 Sistema en modo IDLE, listo para la siguiente apertura.
2025-09-10 17:09:57,277 - INFO -   - Datos de entrada: 12 detecciones de ArUco, 4 eventos de sensor.
2025-09-10 17:09:57,278 - INFO -   - Resultado: 1 transacciones netas para enviar.
2025-09-10 17:09:57,278 - INFO - ==============================================================
2025-09-10 17:09:57,278 - INFO - 📤 Enviando lote 9d1e141a-9384-4fbd-8f47-61c99bd5db0e (1 evento(s)) al backend...
2025-09-10 17:09:58,530 - INFO - ✅ Envío exitoso. Lote 9d1e141a-9384-4fbd-8f47-61c99bd5db0e. Respuesta del servidor: 200
2025-09-10 17:10:22,772 - INFO - ℹ️ Reporte de estado recibido. Poniendo en cola para envío...
2025-09-10 17:10:22,772 - INFO - 📤 Enviando lote baca2052-b0b9-4431-b4a1-628809a6d45c (1 evento(s)) al backend...
2025-09-10 17:10:24,084 - INFO - ✅ Envío exitoso. Lote baca2052-b0b9-4431-b4a1-628809a6d45c. Respuesta del servidor: 200
2025-09-10 17:10:27,579 - INFO - 🚪 Puerta Abierta! Iniciando sesión de captura...
2025-09-10 17:10:32,116 - INFO - 🚪 Puerta Cerrada o Timeout. Finalizando captura y delegando al procesador...
2025-09-10 17:10:32,122 - INFO - ==================== ⚙️ INICIO ANÁLISIS DE SESIÓN ====================
2025-09-10 17:10:32,122 - INFO - 🧠 Sistema en modo IDLE, listo para la siguiente apertura.
2025-09-10 17:10:32,630 - INFO -   - Datos de entrada: 1 detecciones de ArUco, 3 eventos de sensor.
2025-09-10 17:10:32,631 - INFO -   - Resultado: 1 transacciones netas para enviar.
2025-09-10 17:10:32,631 - WARNING -   - ❗ Esta sesión contiene transacciones de baja confianza. Las imágenes se guardarán para revisión.
2025-09-10 17:10:32,632 - INFO - 📤 Enviando lote 10295e6a-0a08-4720-8f8a-b084ed0ca167 (1 evento(s)) al backend...
2025-09-10 17:10:32,633 - INFO - 💾 Guardando 45 imágenes para revisión en: d:\Desktop\GITHUB jumaar\vorak\MODULO-NEVERA\review_queue\10295e6a-0a08-4720-8f8a-b084ed0ca167
2025-09-10 17:10:32,816 - INFO - ✅ Imágenes para revisión guardadas con éxito.
2025-09-10 17:10:32,817 - INFO - ==============================================================
2025-09-10 17:10:34,212 - INFO - ✅ Envío exitoso. Lote 10295e6a-0a08-4720-8f8a-b084ed0ca167. Respuesta del servidor: 200
2025-09-10 17:10:52,834 - INFO - ℹ️ Reporte de estado recibido. Poniendo en cola para envío...
2025-09-10 17:10:52,835 - INFO - 📤 Enviando lote 519d3290-9c46-4ffe-9123-0833c422cd05 (1 evento(s)) al backend...
2025-09-10 17:10:53,996 - INFO - ✅ Envío exitoso. Lote 519d3290-9c46-4ffe-9123-0833c422cd05. Respuesta del servidor: 200
2025-09-10 17:11:22,898 - INFO - ℹ️ Reporte de estado recibido. Poniendo en cola para envío...
2025-09-10 17:11:22,899 - INFO - 📤 Enviando lote e9b88003-42db-439c-906e-350f5cdd1bc6 (1 evento(s)) al backend...
2025-09-10 17:11:24,299 - INFO - ✅ Envío exitoso. Lote e9b88003-42db-439c-906e-350f5cdd1bc6. Respuesta del servidor: 200
2025-09-10 17:11:42,016 - INFO - 🚪 Puerta Abierta! Iniciando sesión de captura...
2025-09-10 17:11:46,956 - INFO - 🚪 Puerta Cerrada o Timeout. Finalizando captura y delegando al procesador...
2025-09-10 17:11:46,960 - INFO - ==================== ⚙️ INICIO ANÁLISIS DE SESIÓN ====================
2025-09-10 17:11:46,960 - INFO - 🧠 Sistema en modo IDLE, listo para la siguiente apertura.
2025-09-10 17:11:47,655 - INFO -   - Datos de entrada: 15 detecciones de ArUco, 3 eventos de sensor.
2025-09-10 17:11:47,655 - INFO -   - Resultado: 1 transacciones netas para enviar.
2025-09-10 17:11:47,658 - INFO - ==============================================================
2025-09-10 17:11:47,658 - INFO - 📤 Enviando lote daa57c7a-7826-498b-baca-191efb287695 (1 evento(s)) al backend...
2025-09-10 17:11:49,225 - INFO - ✅ Envío exitoso. Lote daa57c7a-7826-498b-baca-191efb287695. Respuesta del servidor: 200
2025-09-10 17:11:52,960 - INFO - ℹ️ Reporte de estado recibido. Poniendo en cola para envío...
2025-09-10 17:11:52,961 - INFO - 📤 Enviando lote e0c6a931-da14-45c7-9d40-015a0c9bc910 (1 evento(s)) al backend...
2025-09-10 17:11:54,181 - INFO - ✅ Envío exitoso. Lote e0c6a931-da14-45c7-9d40-015a0c9bc910. Respuesta del servidor: 200
2025-09-10 17:12:23,024 - INFO - ℹ️ Reporte de estado recibido. Poniendo en cola para envío...
2025-09-10 17:12:23,025 - INFO - 📤 Enviando lote c33c0d1a-44fc-4ce5-a376-4193256993a6 (1 evento(s)) al backend...
2025-09-10 17:12:24,331 - INFO - ✅ Envío exitoso. Lote c33c0d1a-44fc-4ce5-a376-4193256993a6. Respuesta del servidor: 200
2025-09-14 15:12:45,178 - INFO - 🔄 Realizando carga inicial de la base de datos de productos...
2025-09-14 15:12:46,372 - WARNING - No se pudo cargar la base de datos desde el backend (404 Client Error: Not Found for url: https://311e945abbc8.ngrok-free.app/api/products.json).
2025-09-14 15:12:46,374 - WARNING - Intentando cargar la última versión local desde 'd:\Desktop\GITHUB jumaar\vorak\MODULO-NEVERA\products.json'.
2025-09-14 15:12:46,375 - INFO - ✅ Base de datos local cargada con 20 entradas.
2025-09-14 15:12:46,379 - INFO - Intentando conectar al ESP32 en COM3...
2025-09-14 15:12:46,381 - INFO - 🛰️  Hilo de envío offline iniciado.
2025-09-14 15:12:46,410 - INFO - 🧠 Cerebro Principal iniciado. Esperando eventos...
2025-09-14 15:12:48,412 - INFO - ✅ Conexión con ESP32 exitosa.
2025-09-14 15:12:50,743 - INFO - [Cámara 0] Cámara abierta y lista.
2025-09-14 15:12:56,554 - INFO - ✅ Offset de tiempo global inicial calculado.
2025-09-14 15:12:56,555 - INFO - ℹ️ Reporte de estado recibido. Poniendo en cola para envío...
2025-09-14 15:12:56,558 - INFO - 📤 Enviando lote 78dbfa12-f411-4492-98d2-4eb77713d3dc (1 evento(s)) al backend...
2025-09-14 15:12:57,717 - INFO - ✅ Envío exitoso. Lote 78dbfa12-f411-4492-98d2-4eb77713d3dc. Respuesta del servidor: 200
2025-09-14 15:13:26,623 - INFO - ℹ️ Reporte de estado recibido. Poniendo en cola para envío...
2025-09-14 15:13:26,625 - INFO - 📤 Enviando lote bdb00b59-c8d5-4a6c-ae09-6741705db26a (1 evento(s)) al backend...
2025-09-14 15:13:28,118 - INFO - ✅ Envío exitoso. Lote bdb00b59-c8d5-4a6c-ae09-6741705db26a. Respuesta del servidor: 200
2025-09-14 15:13:56,695 - INFO - ℹ️ Reporte de estado recibido. Poniendo en cola para envío...
2025-09-14 15:13:56,696 - INFO - 📤 Enviando lote 98143492-7245-4784-aa3b-1a4ae15c0ed8 (1 evento(s)) al backend...
2025-09-14 15:13:57,906 - INFO - ✅ Envío exitoso. Lote 98143492-7245-4784-aa3b-1a4ae15c0ed8. Respuesta del servidor: 200
2025-09-14 15:14:26,765 - INFO - ℹ️ Reporte de estado recibido. Poniendo en cola para envío...
2025-09-14 15:14:26,767 - INFO - 📤 Enviando lote f163a0a4-838a-4595-b3af-418fff692082 (1 evento(s)) al backend...
2025-09-14 15:14:28,108 - INFO - ✅ Envío exitoso. Lote f163a0a4-838a-4595-b3af-418fff692082. Respuesta del servidor: 200
2025-09-14 15:14:56,837 - INFO - ℹ️ Reporte de estado recibido. Poniendo en cola para envío...
2025-09-14 15:14:56,838 - INFO - 📤 Enviando lote b78b5604-24cc-4545-a141-1cd00ea912dc (1 evento(s)) al backend...
2025-09-14 15:14:58,162 - INFO - ✅ Envío exitoso. Lote b78b5604-24cc-4545-a141-1cd00ea912dc. Respuesta del servidor: 200
2025-09-14 15:16:24,411 - INFO - 🔄 Realizando carga inicial de la base de datos de productos...
2025-09-14 15:16:25,582 - INFO - ✅ Base de datos de productos cargada desde el backend: https://311e945abbc8.ngrok-free.app/api/products.json
2025-09-14 15:16:25,585 - INFO - Intentando conectar al ESP32 en COM3...
2025-09-14 15:16:25,586 - INFO - 🛰️  Hilo de envío offline iniciado.
2025-09-14 15:16:25,588 - INFO - 🧠 Cerebro Principal iniciado. Esperando eventos...
2025-09-14 15:16:27,588 - INFO - ✅ Conexión con ESP32 exitosa.
2025-09-14 15:16:27,591 - INFO - ✅ Offset de tiempo global inicial calculado.
2025-09-14 15:16:27,591 - INFO - ℹ️ Reporte de estado recibido. Poniendo en cola para envío...
2025-09-14 15:16:27,593 - INFO - 📤 Enviando lote fc5bf95c-0e05-428e-8ef6-3b73506382e6 (1 evento(s)) al backend...
2025-09-14 15:16:28,909 - INFO - ✅ Envío exitoso. Lote fc5bf95c-0e05-428e-8ef6-3b73506382e6. Respuesta del servidor: 200
2025-09-14 15:16:29,578 - INFO - [Cámara 0] Cámara abierta y lista.
2025-09-14 15:16:57,124 - INFO - ℹ️ Reporte de estado recibido. Poniendo en cola para envío...
2025-09-14 15:16:57,131 - INFO - 📤 Enviando lote 35ab8d82-dc4b-4c0e-a741-48ccc240ed36 (1 evento(s)) al backend...
2025-09-14 15:16:58,420 - INFO - ✅ Envío exitoso. Lote 35ab8d82-dc4b-4c0e-a741-48ccc240ed36. Respuesta del servidor: 200
2025-09-14 15:23:24,891 - INFO - 🔄 Realizando carga inicial de la base de datos de productos...
2025-09-14 15:23:26,035 - INFO - ✅ Base de datos de productos cargada desde el backend: https://311e945abbc8.ngrok-free.app/api/products.json
2025-09-14 15:23:26,038 - INFO - Intentando conectar al ESP32 en COM3...
2025-09-14 15:23:26,039 - INFO - 🛰️  Hilo de envío offline iniciado.
2025-09-14 15:23:26,041 - INFO - 🧠 Cerebro Principal iniciado. Esperando eventos...
2025-09-14 15:23:28,041 - INFO - ✅ Conexión con ESP32 exitosa.
2025-09-14 15:23:28,045 - INFO - ✅ Offset de tiempo global inicial calculado.
2025-09-14 15:23:28,046 - INFO - ℹ️ Reporte de estado recibido. Poniendo en cola para envío...
2025-09-14 15:23:28,047 - INFO - 📤 Enviando lote b9edbdbc-4de1-4da5-8b44-b9413b7e62f0 (1 evento(s)) al backend...
2025-09-14 15:23:29,393 - INFO - ✅ Envío exitoso. Lote b9edbdbc-4de1-4da5-8b44-b9413b7e62f0. Respuesta del servidor: 200
2025-09-14 15:23:30,177 - INFO - [Cámara 0] Cámara abierta y lista.
2025-09-14 15:23:58,104 - INFO - ℹ️ Reporte de estado recibido. Poniendo en cola para envío...
2025-09-14 15:23:58,106 - INFO - 📤 Enviando lote 83c74bc7-a9ad-48ae-be91-99045172d6b9 (1 evento(s)) al backend...
2025-09-14 15:23:59,344 - INFO - ✅ Envío exitoso. Lote 83c74bc7-a9ad-48ae-be91-99045172d6b9. Respuesta del servidor: 200
2025-09-14 15:24:25,297 - INFO - 🚪 Puerta Abierta! Iniciando sesión de captura...
2025-09-14 15:24:55,333 - INFO - 🚪 Puerta Cerrada o Timeout. Finalizando captura y delegando al procesador...
2025-09-14 15:24:55,335 - INFO - ==================== ⚙️ INICIO ANÁLISIS DE SESIÓN ====================
2025-09-14 15:24:55,335 - INFO - 🧠 Sistema en modo IDLE, listo para la siguiente apertura.
2025-09-14 15:24:58,244 - INFO - ℹ️ Reporte de estado recibido. Poniendo en cola para envío...
2025-09-14 15:24:58,247 - INFO - 📤 Enviando lote 980845d1-1229-4930-af16-0a17e89dc4e9 (1 evento(s)) al backend...
2025-09-14 15:24:58,589 - INFO -   - Datos de entrada: 6 detecciones de ArUco, 2 eventos de sensor.
2025-09-14 15:24:58,590 - ERROR - Error de sesión: No se encontraron eventos de apertura y/o cierre. No se puede procesar.
2025-09-14 15:24:59,727 - INFO - ✅ Envío exitoso. Lote 980845d1-1229-4930-af16-0a17e89dc4e9. Respuesta del servidor: 200
2025-09-14 15:25:28,315 - INFO - ℹ️ Reporte de estado recibido. Poniendo en cola para envío...
2025-09-14 15:25:28,318 - INFO - 📤 Enviando lote e40b9bf1-fe32-425c-8dd7-568c32825f93 (1 evento(s)) al backend...
2025-09-14 15:25:29,623 - INFO - ✅ Envío exitoso. Lote e40b9bf1-fe32-425c-8dd7-568c32825f93. Respuesta del servidor: 200
2025-09-14 15:25:58,385 - INFO - ℹ️ Reporte de estado recibido. Poniendo en cola para envío...
2025-09-14 15:25:58,387 - INFO - 📤 Enviando lote 8ba4096c-f9ba-4f42-92a7-cd050aaa01c8 (1 evento(s)) al backend...
2025-09-14 15:25:59,784 - INFO - ✅ Envío exitoso. Lote 8ba4096c-f9ba-4f42-92a7-cd050aaa01c8. Respuesta del servidor: 200
2025-09-14 15:26:28,455 - INFO - ℹ️ Reporte de estado recibido. Poniendo en cola para envío...
2025-09-14 15:26:28,457 - INFO - 📤 Enviando lote d51778f8-cffe-439e-9118-047eb771033c (1 evento(s)) al backend...
2025-09-14 15:26:29,624 - INFO - ✅ Envío exitoso. Lote d51778f8-cffe-439e-9118-047eb771033c. Respuesta del servidor: 200
2025-09-14 16:30:16,665 - INFO - 🔄 Realizando carga inicial de la base de datos de productos...
2025-09-14 16:30:17,934 - INFO - ✅ Base de datos de productos cargada desde el backend: https://9dfd069ea59e.ngrok-free.app/api/products.json
2025-09-14 16:30:17,937 - INFO - Intentando conectar al ESP32 en COM3...
2025-09-14 16:30:17,937 - INFO - 🛰️  Hilo de envío offline iniciado.
2025-09-14 16:30:17,939 - INFO - 🧠 Cerebro Principal iniciado. Esperando eventos...
2025-09-14 16:30:19,939 - INFO - ✅ Conexión con ESP32 exitosa.
2025-09-14 16:30:22,300 - INFO - [Cámara 0] Cámara abierta y lista.
2025-09-14 16:30:36,716 - INFO - ✅ Offset de tiempo global inicial calculado.
2025-09-14 16:30:36,719 - INFO - ℹ️ Reporte de estado recibido. Poniendo en cola para envío...
2025-09-14 16:30:36,721 - INFO - 📤 Enviando lote 306a7ccd-118a-4e1d-9366-8a719fa5c6f0 (1 evento(s)) al backend...
2025-09-14 16:30:38,088 - INFO - ✅ Envío exitoso. Lote 306a7ccd-118a-4e1d-9366-8a719fa5c6f0. Respuesta del servidor: 200
2025-09-14 16:31:06,785 - INFO - ℹ️ Reporte de estado recibido. Poniendo en cola para envío...
2025-09-14 16:31:06,786 - INFO - 📤 Enviando lote 03b26a5a-fb46-4afe-a340-30c1b81a333e (1 evento(s)) al backend...
2025-09-14 16:31:08,027 - INFO - ✅ Envío exitoso. Lote 03b26a5a-fb46-4afe-a340-30c1b81a333e. Respuesta del servidor: 200
2025-09-14 16:31:36,854 - INFO - ℹ️ Reporte de estado recibido. Poniendo en cola para envío...
2025-09-14 16:31:36,856 - INFO - 📤 Enviando lote 51d4ef8e-57e8-4e55-9bf2-3e1abd3780e6 (1 evento(s)) al backend...
2025-09-14 16:31:38,345 - INFO - ✅ Envío exitoso. Lote 51d4ef8e-57e8-4e55-9bf2-3e1abd3780e6. Respuesta del servidor: 200
2025-09-14 16:32:06,913 - INFO - ℹ️ Reporte de estado recibido. Poniendo en cola para envío...
2025-09-14 16:32:06,915 - INFO - 📤 Enviando lote 8a123f7a-885e-4aaf-8dfc-379bd80679e1 (1 evento(s)) al backend...
2025-09-14 16:32:08,109 - INFO - ✅ Envío exitoso. Lote 8a123f7a-885e-4aaf-8dfc-379bd80679e1. Respuesta del servidor: 200
2025-09-14 16:32:36,969 - INFO - ℹ️ Reporte de estado recibido. Poniendo en cola para envío...
2025-09-14 16:32:36,970 - INFO - 📤 Enviando lote 800a4aec-1112-44a3-b0a2-cb02f2ae74f8 (1 evento(s)) al backend...
2025-09-14 16:32:38,473 - INFO - ✅ Envío exitoso. Lote 800a4aec-1112-44a3-b0a2-cb02f2ae74f8. Respuesta del servidor: 200
2025-09-14 16:33:07,024 - INFO - ℹ️ Reporte de estado recibido. Poniendo en cola para envío...
2025-09-14 16:33:07,025 - INFO - 📤 Enviando lote 30927701-05b4-4c2e-aeac-19f9d950b82b (1 evento(s)) al backend...
2025-09-14 16:33:08,465 - INFO - ✅ Envío exitoso. Lote 30927701-05b4-4c2e-aeac-19f9d950b82b. Respuesta del servidor: 200
2025-09-14 16:33:37,087 - INFO - ℹ️ Reporte de estado recibido. Poniendo en cola para envío...
2025-09-14 16:33:37,090 - INFO - 📤 Enviando lote 2ca947fc-b608-49a6-a686-d0355bdadbf3 (1 evento(s)) al backend...
2025-09-14 16:33:38,501 - INFO - ✅ Envío exitoso. Lote 2ca947fc-b608-49a6-a686-d0355bdadbf3. Respuesta del servidor: 200
2025-09-14 16:34:07,146 - INFO - ℹ️ Reporte de estado recibido. Poniendo en cola para envío...
2025-09-14 16:34:07,147 - INFO - 📤 Enviando lote 7baac668-2e07-4a5c-a7e0-b9994efb8564 (1 evento(s)) al backend...
2025-09-14 16:34:08,841 - INFO - ✅ Envío exitoso. Lote 7baac668-2e07-4a5c-a7e0-b9994efb8564. Respuesta del servidor: 200
2025-09-14 16:34:37,201 - INFO - ℹ️ Reporte de estado recibido. Poniendo en cola para envío...
2025-09-14 16:34:37,202 - INFO - 📤 Enviando lote c0c68967-738c-4a54-8663-3bf1f7a9c850 (1 evento(s)) al backend...
2025-09-14 16:34:39,129 - INFO - ✅ Envío exitoso. Lote c0c68967-738c-4a54-8663-3bf1f7a9c850. Respuesta del servidor: 200
2025-09-14 16:35:07,255 - INFO - ℹ️ Reporte de estado recibido. Poniendo en cola para envío...
2025-09-14 16:35:07,257 - INFO - 📤 Enviando lote 4a3ec07a-5871-4841-8e4d-2b6ed4c69ee3 (1 evento(s)) al backend...
2025-09-14 16:35:08,758 - INFO - ✅ Envío exitoso. Lote 4a3ec07a-5871-4841-8e4d-2b6ed4c69ee3. Respuesta del servidor: 200
2025-09-14 16:35:37,309 - INFO - ℹ️ Reporte de estado recibido. Poniendo en cola para envío...
2025-09-14 16:35:37,311 - INFO - 📤 Enviando lote 54e4008b-fff2-4cc3-8d16-1fac31f048a8 (1 evento(s)) al backend...
2025-09-14 16:35:38,777 - INFO - ✅ Envío exitoso. Lote 54e4008b-fff2-4cc3-8d16-1fac31f048a8. Respuesta del servidor: 200
2025-09-14 16:36:07,365 - INFO - ℹ️ Reporte de estado recibido. Poniendo en cola para envío...
2025-09-14 16:36:07,366 - INFO - 📤 Enviando lote 8777be09-f893-49bb-8c80-05875c262527 (1 evento(s)) al backend...
2025-09-14 16:36:09,350 - INFO - ✅ Envío exitoso. Lote 8777be09-f893-49bb-8c80-05875c262527. Respuesta del servidor: 200
2025-09-14 16:36:37,418 - INFO - ℹ️ Reporte de estado recibido. Poniendo en cola para envío...
2025-09-14 16:36:37,485 - INFO - 📤 Enviando lote 7663e74c-4b5a-455f-9962-2b77e61af919 (1 evento(s)) al backend...
2025-09-14 16:36:39,643 - INFO - ✅ Envío exitoso. Lote 7663e74c-4b5a-455f-9962-2b77e61af919. Respuesta del servidor: 200
2025-09-14 16:37:07,473 - INFO - ℹ️ Reporte de estado recibido. Poniendo en cola para envío...
2025-09-14 16:37:07,474 - INFO - 📤 Enviando lote 0a2fe55a-c263-4bf5-88ce-67ea561a848f (1 evento(s)) al backend...
2025-09-14 16:37:08,885 - INFO - ✅ Envío exitoso. Lote 0a2fe55a-c263-4bf5-88ce-67ea561a848f. Respuesta del servidor: 200
2025-09-14 16:37:37,527 - INFO - ℹ️ Reporte de estado recibido. Poniendo en cola para envío...
2025-09-14 16:37:37,529 - INFO - 📤 Enviando lote 7c61ed1f-72c8-46b9-b53c-0c5a1c6cf4e5 (1 evento(s)) al backend...
2025-09-14 16:37:38,866 - INFO - ✅ Envío exitoso. Lote 7c61ed1f-72c8-46b9-b53c-0c5a1c6cf4e5. Respuesta del servidor: 200
2025-09-14 16:38:07,582 - INFO - ℹ️ Reporte de estado recibido. Poniendo en cola para envío...
2025-09-14 16:38:07,584 - INFO - 📤 Enviando lote 000ad657-2b66-4f0d-8362-0edd38ffe030 (1 evento(s)) al backend...
2025-09-14 16:38:08,936 - INFO - ✅ Envío exitoso. Lote 000ad657-2b66-4f0d-8362-0edd38ffe030. Respuesta del servidor: 200
2025-09-14 16:38:37,634 - INFO - ℹ️ Reporte de estado recibido. Poniendo en cola para envío...
2025-09-14 16:38:37,636 - INFO - 📤 Enviando lote 460350cc-d3a9-4c17-917c-2fb95afab7b8 (1 evento(s)) al backend...
2025-09-14 16:38:38,980 - INFO - ✅ Envío exitoso. Lote 460350cc-d3a9-4c17-917c-2fb95afab7b8. Respuesta del servidor: 200
2025-09-14 16:39:07,689 - INFO - ℹ️ Reporte de estado recibido. Poniendo en cola para envío...
2025-09-14 16:39:07,690 - INFO - 📤 Enviando lote dfd6e363-4063-41a9-93cd-15e101721eec (1 evento(s)) al backend...
2025-09-14 16:39:08,992 - INFO - ✅ Envío exitoso. Lote dfd6e363-4063-41a9-93cd-15e101721eec. Respuesta del servidor: 200
2025-09-14 16:39:37,743 - INFO - ℹ️ Reporte de estado recibido. Poniendo en cola para envío...
2025-09-14 16:39:37,745 - INFO - 📤 Enviando lote 5cd813f0-631f-49ed-8b71-a79a7da05eac (1 evento(s)) al backend...
2025-09-14 16:39:39,294 - INFO - ✅ Envío exitoso. Lote 5cd813f0-631f-49ed-8b71-a79a7da05eac. Respuesta del servidor: 200
2025-09-14 16:40:07,797 - INFO - ℹ️ Reporte de estado recibido. Poniendo en cola para envío...
2025-09-14 16:40:07,815 - INFO - 📤 Enviando lote 34def9a2-16a7-4443-9676-dd028f19fb41 (1 evento(s)) al backend...
2025-09-14 16:40:11,142 - ERROR - ERROR DE CLIENTE (4xx) al enviar lote 34def9a2-16a7-4443-9676-dd028f19fb41. Respuesta: 400 <!DOCTYPE html>
<html class="h-full" lang="en-US" dir="ltr">
  <head>
    <link rel="preload" href="https://cdn.ngrok.com/static/fonts/euclid-square/EuclidSquare-Regular-WebS.woff" as="font" type="font/woff" crossorigin="anonymous" />
    <link rel="preload" href="https://cdn.ngrok.com/static/fonts/euclid-square/EuclidSquare-RegularItalic-WebS.woff" as="font" type="font/woff" crossorigin="anonymous" />
    <link rel="preload" href="https://cdn.ngrok.com/static/fonts/euclid-square/EuclidSquare-Medium-WebS.woff" as="font" type="font/woff" crossorigin="anonymous" />
    <link rel="preload" href="https://cdn.ngrok.com/static/fonts/euclid-square/EuclidSquare-Semibold-WebS.woff" as="font" type="font/woff" crossorigin="anonymous" />
    <link rel="preload" href="https://cdn.ngrok.com/static/fonts/euclid-square/EuclidSquare-MediumItalic-WebS.woff" as="font" type="font/woff" crossorigin="anonymous" />
    <link rel="preload" href="https://cdn.ngrok.com/static/fonts/ibm-plex-mono/IBMPlexMono-Text.woff" as="font" type="font/woff" crossorigin="anonymous" />
    <link rel="preload" href="https://cdn.ngrok.com/static/fonts/ibm-plex-mono/IBMPlexMono-TextItalic.woff" as="font" type="font/woff" crossorigin="anonymous" />
    <link rel="preload" href="https://cdn.ngrok.com/static/fonts/ibm-plex-mono/IBMPlexMono-SemiBold.woff" as="font" type="font/woff" crossorigin="anonymous" />
    <link rel="preload" href="https://cdn.ngrok.com/static/fonts/ibm-plex-mono/IBMPlexMono-SemiBoldItalic.woff" as="font" type="font/woff" crossorigin="anonymous" />
    <meta charset="utf-8">
    <meta name="author" content="ngrok">
    <meta name="description" content="ngrok is the fastest way to put anything on the internet with a single command.">
    <meta name="robots" content="noindex, nofollow">
    <meta name="viewport" content="width=device-width, initial-scale=1">
    <link id="style" rel="stylesheet" href="https://cdn.ngrok.com/static/css/error.css">
    <noscript>Traffic was successfully tunneled to the ngrok agent, but the agent failed to establish a connection to the upstream web service at localhost:8000. (ERR_NGROK_8012)</noscript>
    <script id="script" src="https://cdn.ngrok.com/static/js/error.js" type="text/javascript"></script>
  </head>
  <body class="h-full" id="ngrok">
    <div id="root" data-payload="eyJhZGRyIjoibG9jYWxob3N0OjgwMDAiLCJjZG5CYXNlIjoiaHR0cHM6Ly9jZG4ubmdyb2suY29tLyIsImNvZGUiOiI4MDEyIiwiZXJyb3JUZXh0IjoiZGlhbCB0Y3AgWzo6MV06ODAwMDogY29ubmVjdGV4OiBObyBzZSBwdWVkZSBlc3RhYmxlY2VyIHVuYSBjb25leGnDs24geWEgcXVlIGVsIGVxdWlwbyBkZSBkZXN0aW5vIGRlbmVnw7MgZXhwcmVzYW1lbnRlIGRpY2hhIGNvbmV4acOzbi4iLCJtZXNzYWdlIjoiVHJhZmZpYyB3YXMgc3VjY2Vzc2Z1bGx5IHR1bm5lbGVkIHRvIHRoZSBuZ3JvayBhZ2VudCwgYnV0IHRoZSBhZ2VudCBmYWlsZWQgdG8gZXN0YWJsaXNoIGEgY29ubmVjdGlvbiB0byB0aGUgdXBzdHJlYW0gd2ViIHNlcnZpY2UgYXQgbG9jYWxob3N0OjgwMDAuIiwic2NoZW1lIjoiaHR0cCIsInRpdGxlIjoiQmFkIFJlcXVlc3QifQ=="></div>
  </body>
</html>

2025-09-14 16:40:11,191 - ERROR -    El lote se descartará y no se reintentará.
2025-09-14 16:40:37,850 - INFO - ℹ️ Reporte de estado recibido. Poniendo en cola para envío...
2025-09-14 16:40:37,852 - INFO - 📤 Enviando lote 1062d485-22ad-4d04-abc1-060461c083f9 (1 evento(s)) al backend...
2025-09-14 16:40:39,166 - ERROR - ERROR DE CLIENTE (4xx) al enviar lote 1062d485-22ad-4d04-abc1-060461c083f9. Respuesta: 400 <!DOCTYPE html>
<html class="h-full" lang="en-US" dir="ltr">
  <head>
    <link rel="preload" href="https://cdn.ngrok.com/static/fonts/euclid-square/EuclidSquare-Regular-WebS.woff" as="font" type="font/woff" crossorigin="anonymous" />
    <link rel="preload" href="https://cdn.ngrok.com/static/fonts/euclid-square/EuclidSquare-RegularItalic-WebS.woff" as="font" type="font/woff" crossorigin="anonymous" />
    <link rel="preload" href="https://cdn.ngrok.com/static/fonts/euclid-square/EuclidSquare-Medium-WebS.woff" as="font" type="font/woff" crossorigin="anonymous" />
    <link rel="preload" href="https://cdn.ngrok.com/static/fonts/euclid-square/EuclidSquare-Semibold-WebS.woff" as="font" type="font/woff" crossorigin="anonymous" />
    <link rel="preload" href="https://cdn.ngrok.com/static/fonts/euclid-square/EuclidSquare-MediumItalic-WebS.woff" as="font" type="font/woff" crossorigin="anonymous" />
    <link rel="preload" href="https://cdn.ngrok.com/static/fonts/ibm-plex-mono/IBMPlexMono-Text.woff" as="font" type="font/woff" crossorigin="anonymous" />
    <link rel="preload" href="https://cdn.ngrok.com/static/fonts/ibm-plex-mono/IBMPlexMono-TextItalic.woff" as="font" type="font/woff" crossorigin="anonymous" />
    <link rel="preload" href="https://cdn.ngrok.com/static/fonts/ibm-plex-mono/IBMPlexMono-SemiBold.woff" as="font" type="font/woff" crossorigin="anonymous" />
    <link rel="preload" href="https://cdn.ngrok.com/static/fonts/ibm-plex-mono/IBMPlexMono-SemiBoldItalic.woff" as="font" type="font/woff" crossorigin="anonymous" />
    <meta charset="utf-8">
    <meta name="author" content="ngrok">
    <meta name="description" content="ngrok is the fastest way to put anything on the internet with a single command.">
    <meta name="robots" content="noindex, nofollow">
    <meta name="viewport" content="width=device-width, initial-scale=1">
    <link id="style" rel="stylesheet" href="https://cdn.ngrok.com/static/css/error.css">
    <noscript>Traffic was successfully tunneled to the ngrok agent, but the agent failed to establish a connection to the upstream web service at localhost:8000. (ERR_NGROK_8012)</noscript>
    <script id="script" src="https://cdn.ngrok.com/static/js/error.js" type="text/javascript"></script>
  </head>
  <body class="h-full" id="ngrok">
    <div id="root" data-payload="eyJhZGRyIjoibG9jYWxob3N0OjgwMDAiLCJjZG5CYXNlIjoiaHR0cHM6Ly9jZG4ubmdyb2suY29tLyIsImNvZGUiOiI4MDEyIiwiZXJyb3JUZXh0IjoiZGlhbCB0Y3AgWzo6MV06ODAwMDogY29ubmVjdGV4OiBObyBzZSBwdWVkZSBlc3RhYmxlY2VyIHVuYSBjb25leGnDs24geWEgcXVlIGVsIGVxdWlwbyBkZSBkZXN0aW5vIGRlbmVnw7MgZXhwcmVzYW1lbnRlIGRpY2hhIGNvbmV4acOzbi4iLCJtZXNzYWdlIjoiVHJhZmZpYyB3YXMgc3VjY2Vzc2Z1bGx5IHR1bm5lbGVkIHRvIHRoZSBuZ3JvayBhZ2VudCwgYnV0IHRoZSBhZ2VudCBmYWlsZWQgdG8gZXN0YWJsaXNoIGEgY29ubmVjdGlvbiB0byB0aGUgdXBzdHJlYW0gd2ViIHNlcnZpY2UgYXQgbG9jYWxob3N0OjgwMDAuIiwic2NoZW1lIjoiaHR0cCIsInRpdGxlIjoiQmFkIFJlcXVlc3QifQ=="></div>
  </body>
</html>

2025-09-14 16:40:39,208 - ERROR -    El lote se descartará y no se reintentará.
2025-09-14 16:41:07,904 - INFO - ℹ️ Reporte de estado recibido. Poniendo en cola para envío...
2025-09-14 16:41:07,909 - INFO - 📤 Enviando lote 2775fd55-67bb-4998-9f2d-a852cbfddd8f (1 evento(s)) al backend...
2025-09-14 16:41:09,115 - ERROR - ERROR DE CLIENTE (4xx) al enviar lote 2775fd55-67bb-4998-9f2d-a852cbfddd8f. Respuesta: 400 <!DOCTYPE html>
<html class="h-full" lang="en-US" dir="ltr">
  <head>
    <link rel="preload" href="https://cdn.ngrok.com/static/fonts/euclid-square/EuclidSquare-Regular-WebS.woff" as="font" type="font/woff" crossorigin="anonymous" />
    <link rel="preload" href="https://cdn.ngrok.com/static/fonts/euclid-square/EuclidSquare-RegularItalic-WebS.woff" as="font" type="font/woff" crossorigin="anonymous" />
    <link rel="preload" href="https://cdn.ngrok.com/static/fonts/euclid-square/EuclidSquare-Medium-WebS.woff" as="font" type="font/woff" crossorigin="anonymous" />
    <link rel="preload" href="https://cdn.ngrok.com/static/fonts/euclid-square/EuclidSquare-Semibold-WebS.woff" as="font" type="font/woff" crossorigin="anonymous" />
    <link rel="preload" href="https://cdn.ngrok.com/static/fonts/euclid-square/EuclidSquare-MediumItalic-WebS.woff" as="font" type="font/woff" crossorigin="anonymous" />
    <link rel="preload" href="https://cdn.ngrok.com/static/fonts/ibm-plex-mono/IBMPlexMono-Text.woff" as="font" type="font/woff" crossorigin="anonymous" />
    <link rel="preload" href="https://cdn.ngrok.com/static/fonts/ibm-plex-mono/IBMPlexMono-TextItalic.woff" as="font" type="font/woff" crossorigin="anonymous" />
    <link rel="preload" href="https://cdn.ngrok.com/static/fonts/ibm-plex-mono/IBMPlexMono-SemiBold.woff" as="font" type="font/woff" crossorigin="anonymous" />
    <link rel="preload" href="https://cdn.ngrok.com/static/fonts/ibm-plex-mono/IBMPlexMono-SemiBoldItalic.woff" as="font" type="font/woff" crossorigin="anonymous" />
    <meta charset="utf-8">
    <meta name="author" content="ngrok">
    <meta name="description" content="ngrok is the fastest way to put anything on the internet with a single command.">
    <meta name="robots" content="noindex, nofollow">
    <meta name="viewport" content="width=device-width, initial-scale=1">
    <link id="style" rel="stylesheet" href="https://cdn.ngrok.com/static/css/error.css">
    <noscript>Traffic was successfully tunneled to the ngrok agent, but the agent failed to establish a connection to the upstream web service at localhost:8000. (ERR_NGROK_8012)</noscript>
    <script id="script" src="https://cdn.ngrok.com/static/js/error.js" type="text/javascript"></script>
  </head>
  <body class="h-full" id="ngrok">
    <div id="root" data-payload="eyJhZGRyIjoibG9jYWxob3N0OjgwMDAiLCJjZG5CYXNlIjoiaHR0cHM6Ly9jZG4ubmdyb2suY29tLyIsImNvZGUiOiI4MDEyIiwiZXJyb3JUZXh0IjoiZGlhbCB0Y3AgWzo6MV06ODAwMDogY29ubmVjdGV4OiBObyBzZSBwdWVkZSBlc3RhYmxlY2VyIHVuYSBjb25leGnDs24geWEgcXVlIGVsIGVxdWlwbyBkZSBkZXN0aW5vIGRlbmVnw7MgZXhwcmVzYW1lbnRlIGRpY2hhIGNvbmV4acOzbi4iLCJtZXNzYWdlIjoiVHJhZmZpYyB3YXMgc3VjY2Vzc2Z1bGx5IHR1bm5lbGVkIHRvIHRoZSBuZ3JvayBhZ2VudCwgYnV0IHRoZSBhZ2VudCBmYWlsZWQgdG8gZXN0YWJsaXNoIGEgY29ubmVjdGlvbiB0byB0aGUgdXBzdHJlYW0gd2ViIHNlcnZpY2UgYXQgbG9jYWxob3N0OjgwMDAuIiwic2NoZW1lIjoiaHR0cCIsInRpdGxlIjoiQmFkIFJlcXVlc3QifQ=="></div>
  </body>
</html>

2025-09-14 16:41:09,141 - ERROR -    El lote se descartará y no se reintentará.
2025-09-14 16:41:37,957 - INFO - ℹ️ Reporte de estado recibido. Poniendo en cola para envío...
2025-09-14 16:41:37,959 - INFO - 📤 Enviando lote dcad90c9-e4f1-4ce0-ba2d-6775726210f0 (1 evento(s)) al backend...
2025-09-14 16:41:39,379 - ERROR - ERROR DE CLIENTE (4xx) al enviar lote dcad90c9-e4f1-4ce0-ba2d-6775726210f0. Respuesta: 400 <!DOCTYPE html>
<html class="h-full" lang="en-US" dir="ltr">
  <head>
    <link rel="preload" href="https://cdn.ngrok.com/static/fonts/euclid-square/EuclidSquare-Regular-WebS.woff" as="font" type="font/woff" crossorigin="anonymous" />
    <link rel="preload" href="https://cdn.ngrok.com/static/fonts/euclid-square/EuclidSquare-RegularItalic-WebS.woff" as="font" type="font/woff" crossorigin="anonymous" />
    <link rel="preload" href="https://cdn.ngrok.com/static/fonts/euclid-square/EuclidSquare-Medium-WebS.woff" as="font" type="font/woff" crossorigin="anonymous" />
    <link rel="preload" href="https://cdn.ngrok.com/static/fonts/euclid-square/EuclidSquare-Semibold-WebS.woff" as="font" type="font/woff" crossorigin="anonymous" />
    <link rel="preload" href="https://cdn.ngrok.com/static/fonts/euclid-square/EuclidSquare-MediumItalic-WebS.woff" as="font" type="font/woff" crossorigin="anonymous" />
    <link rel="preload" href="https://cdn.ngrok.com/static/fonts/ibm-plex-mono/IBMPlexMono-Text.woff" as="font" type="font/woff" crossorigin="anonymous" />
    <link rel="preload" href="https://cdn.ngrok.com/static/fonts/ibm-plex-mono/IBMPlexMono-TextItalic.woff" as="font" type="font/woff" crossorigin="anonymous" />
    <link rel="preload" href="https://cdn.ngrok.com/static/fonts/ibm-plex-mono/IBMPlexMono-SemiBold.woff" as="font" type="font/woff" crossorigin="anonymous" />
    <link rel="preload" href="https://cdn.ngrok.com/static/fonts/ibm-plex-mono/IBMPlexMono-SemiBoldItalic.woff" as="font" type="font/woff" crossorigin="anonymous" />
    <meta charset="utf-8">
    <meta name="author" content="ngrok">
    <meta name="description" content="ngrok is the fastest way to put anything on the internet with a single command.">
    <meta name="robots" content="noindex, nofollow">
    <meta name="viewport" content="width=device-width, initial-scale=1">
    <link id="style" rel="stylesheet" href="https://cdn.ngrok.com/static/css/error.css">
    <noscript>Traffic was successfully tunneled to the ngrok agent, but the agent failed to establish a connection to the upstream web service at localhost:8000. (ERR_NGROK_8012)</noscript>
    <script id="script" src="https://cdn.ngrok.com/static/js/error.js" type="text/javascript"></script>
  </head>
  <body class="h-full" id="ngrok">
    <div id="root" data-payload="eyJhZGRyIjoibG9jYWxob3N0OjgwMDAiLCJjZG5CYXNlIjoiaHR0cHM6Ly9jZG4ubmdyb2suY29tLyIsImNvZGUiOiI4MDEyIiwiZXJyb3JUZXh0IjoiZGlhbCB0Y3AgWzo6MV06ODAwMDogY29ubmVjdGV4OiBObyBzZSBwdWVkZSBlc3RhYmxlY2VyIHVuYSBjb25leGnDs24geWEgcXVlIGVsIGVxdWlwbyBkZSBkZXN0aW5vIGRlbmVnw7MgZXhwcmVzYW1lbnRlIGRpY2hhIGNvbmV4acOzbi4iLCJtZXNzYWdlIjoiVHJhZmZpYyB3YXMgc3VjY2Vzc2Z1bGx5IHR1bm5lbGVkIHRvIHRoZSBuZ3JvayBhZ2VudCwgYnV0IHRoZSBhZ2VudCBmYWlsZWQgdG8gZXN0YWJsaXNoIGEgY29ubmVjdGlvbiB0byB0aGUgdXBzdHJlYW0gd2ViIHNlcnZpY2UgYXQgbG9jYWxob3N0OjgwMDAuIiwic2NoZW1lIjoiaHR0cCIsInRpdGxlIjoiQmFkIFJlcXVlc3QifQ=="></div>
  </body>
</html>

2025-09-14 16:41:39,419 - ERROR -    El lote se descartará y no se reintentará.
2025-09-14 16:42:08,011 - INFO - ℹ️ Reporte de estado recibido. Poniendo en cola para envío...
2025-09-14 16:42:08,012 - INFO - 📤 Enviando lote 046aed33-ed88-40af-b5b3-b54651da174e (1 evento(s)) al backend...
2025-09-14 16:42:09,127 - ERROR - ERROR DE CLIENTE (4xx) al enviar lote 046aed33-ed88-40af-b5b3-b54651da174e. Respuesta: 400 <!DOCTYPE html>
<html class="h-full" lang="en-US" dir="ltr">
  <head>
    <link rel="preload" href="https://cdn.ngrok.com/static/fonts/euclid-square/EuclidSquare-Regular-WebS.woff" as="font" type="font/woff" crossorigin="anonymous" />
    <link rel="preload" href="https://cdn.ngrok.com/static/fonts/euclid-square/EuclidSquare-RegularItalic-WebS.woff" as="font" type="font/woff" crossorigin="anonymous" />
    <link rel="preload" href="https://cdn.ngrok.com/static/fonts/euclid-square/EuclidSquare-Medium-WebS.woff" as="font" type="font/woff" crossorigin="anonymous" />
    <link rel="preload" href="https://cdn.ngrok.com/static/fonts/euclid-square/EuclidSquare-Semibold-WebS.woff" as="font" type="font/woff" crossorigin="anonymous" />
    <link rel="preload" href="https://cdn.ngrok.com/static/fonts/euclid-square/EuclidSquare-MediumItalic-WebS.woff" as="font" type="font/woff" crossorigin="anonymous" />
    <link rel="preload" href="https://cdn.ngrok.com/static/fonts/ibm-plex-mono/IBMPlexMono-Text.woff" as="font" type="font/woff" crossorigin="anonymous" />
    <link rel="preload" href="https://cdn.ngrok.com/static/fonts/ibm-plex-mono/IBMPlexMono-TextItalic.woff" as="font" type="font/woff" crossorigin="anonymous" />
    <link rel="preload" href="https://cdn.ngrok.com/static/fonts/ibm-plex-mono/IBMPlexMono-SemiBold.woff" as="font" type="font/woff" crossorigin="anonymous" />
    <link rel="preload" href="https://cdn.ngrok.com/static/fonts/ibm-plex-mono/IBMPlexMono-SemiBoldItalic.woff" as="font" type="font/woff" crossorigin="anonymous" />
    <meta charset="utf-8">
    <meta name="author" content="ngrok">
    <meta name="description" content="ngrok is the fastest way to put anything on the internet with a single command.">
    <meta name="robots" content="noindex, nofollow">
    <meta name="viewport" content="width=device-width, initial-scale=1">
    <link id="style" rel="stylesheet" href="https://cdn.ngrok.com/static/css/error.css">
    <noscript>Traffic was successfully tunneled to the ngrok agent, but the agent failed to establish a connection to the upstream web service at localhost:8000. (ERR_NGROK_8012)</noscript>
    <script id="script" src="https://cdn.ngrok.com/static/js/error.js" type="text/javascript"></script>
  </head>
  <body class="h-full" id="ngrok">
    <div id="root" data-payload="eyJhZGRyIjoibG9jYWxob3N0OjgwMDAiLCJjZG5CYXNlIjoiaHR0cHM6Ly9jZG4ubmdyb2suY29tLyIsImNvZGUiOiI4MDEyIiwiZXJyb3JUZXh0IjoiZGlhbCB0Y3AgWzo6MV06ODAwMDogY29ubmVjdGV4OiBObyBzZSBwdWVkZSBlc3RhYmxlY2VyIHVuYSBjb25leGnDs24geWEgcXVlIGVsIGVxdWlwbyBkZSBkZXN0aW5vIGRlbmVnw7MgZXhwcmVzYW1lbnRlIGRpY2hhIGNvbmV4acOzbi4iLCJtZXNzYWdlIjoiVHJhZmZpYyB3YXMgc3VjY2Vzc2Z1bGx5IHR1bm5lbGVkIHRvIHRoZSBuZ3JvayBhZ2VudCwgYnV0IHRoZSBhZ2VudCBmYWlsZWQgdG8gZXN0YWJsaXNoIGEgY29ubmVjdGlvbiB0byB0aGUgdXBzdHJlYW0gd2ViIHNlcnZpY2UgYXQgbG9jYWxob3N0OjgwMDAuIiwic2NoZW1lIjoiaHR0cCIsInRpdGxlIjoiQmFkIFJlcXVlc3QifQ=="></div>
  </body>
</html>

2025-09-14 16:42:09,159 - ERROR -    El lote se descartará y no se reintentará.
2025-09-14 16:42:38,063 - INFO - ℹ️ Reporte de estado recibido. Poniendo en cola para envío...
2025-09-14 16:42:38,065 - INFO - 📤 Enviando lote d64a87ce-d507-4a6e-ac86-8c071b44b4fd (1 evento(s)) al backend...
2025-09-14 16:42:39,763 - ERROR - ERROR DE CLIENTE (4xx) al enviar lote d64a87ce-d507-4a6e-ac86-8c071b44b4fd. Respuesta: 400 <!DOCTYPE html>
<html class="h-full" lang="en-US" dir="ltr">
  <head>
    <link rel="preload" href="https://cdn.ngrok.com/static/fonts/euclid-square/EuclidSquare-Regular-WebS.woff" as="font" type="font/woff" crossorigin="anonymous" />
    <link rel="preload" href="https://cdn.ngrok.com/static/fonts/euclid-square/EuclidSquare-RegularItalic-WebS.woff" as="font" type="font/woff" crossorigin="anonymous" />
    <link rel="preload" href="https://cdn.ngrok.com/static/fonts/euclid-square/EuclidSquare-Medium-WebS.woff" as="font" type="font/woff" crossorigin="anonymous" />
    <link rel="preload" href="https://cdn.ngrok.com/static/fonts/euclid-square/EuclidSquare-Semibold-WebS.woff" as="font" type="font/woff" crossorigin="anonymous" />
    <link rel="preload" href="https://cdn.ngrok.com/static/fonts/euclid-square/EuclidSquare-MediumItalic-WebS.woff" as="font" type="font/woff" crossorigin="anonymous" />
    <link rel="preload" href="https://cdn.ngrok.com/static/fonts/ibm-plex-mono/IBMPlexMono-Text.woff" as="font" type="font/woff" crossorigin="anonymous" />
    <link rel="preload" href="https://cdn.ngrok.com/static/fonts/ibm-plex-mono/IBMPlexMono-TextItalic.woff" as="font" type="font/woff" crossorigin="anonymous" />
    <link rel="preload" href="https://cdn.ngrok.com/static/fonts/ibm-plex-mono/IBMPlexMono-SemiBold.woff" as="font" type="font/woff" crossorigin="anonymous" />
    <link rel="preload" href="https://cdn.ngrok.com/static/fonts/ibm-plex-mono/IBMPlexMono-SemiBoldItalic.woff" as="font" type="font/woff" crossorigin="anonymous" />
    <meta charset="utf-8">
    <meta name="author" content="ngrok">
    <meta name="description" content="ngrok is the fastest way to put anything on the internet with a single command.">
    <meta name="robots" content="noindex, nofollow">
    <meta name="viewport" content="width=device-width, initial-scale=1">
    <link id="style" rel="stylesheet" href="https://cdn.ngrok.com/static/css/error.css">
    <noscript>Traffic was successfully tunneled to the ngrok agent, but the agent failed to establish a connection to the upstream web service at localhost:8000. (ERR_NGROK_8012)</noscript>
    <script id="script" src="https://cdn.ngrok.com/static/js/error.js" type="text/javascript"></script>
  </head>
  <body class="h-full" id="ngrok">
    <div id="root" data-payload="eyJhZGRyIjoibG9jYWxob3N0OjgwMDAiLCJjZG5CYXNlIjoiaHR0cHM6Ly9jZG4ubmdyb2suY29tLyIsImNvZGUiOiI4MDEyIiwiZXJyb3JUZXh0IjoiZGlhbCB0Y3AgWzo6MV06ODAwMDogY29ubmVjdGV4OiBObyBzZSBwdWVkZSBlc3RhYmxlY2VyIHVuYSBjb25leGnDs24geWEgcXVlIGVsIGVxdWlwbyBkZSBkZXN0aW5vIGRlbmVnw7MgZXhwcmVzYW1lbnRlIGRpY2hhIGNvbmV4acOzbi4iLCJtZXNzYWdlIjoiVHJhZmZpYyB3YXMgc3VjY2Vzc2Z1bGx5IHR1bm5lbGVkIHRvIHRoZSBuZ3JvayBhZ2VudCwgYnV0IHRoZSBhZ2VudCBmYWlsZWQgdG8gZXN0YWJsaXNoIGEgY29ubmVjdGlvbiB0byB0aGUgdXBzdHJlYW0gd2ViIHNlcnZpY2UgYXQgbG9jYWxob3N0OjgwMDAuIiwic2NoZW1lIjoiaHR0cCIsInRpdGxlIjoiQmFkIFJlcXVlc3QifQ=="></div>
  </body>
</html>

2025-09-14 16:42:39,798 - ERROR -    El lote se descartará y no se reintentará.
2025-09-14 16:43:08,116 - INFO - ℹ️ Reporte de estado recibido. Poniendo en cola para envío...
2025-09-14 16:43:08,118 - INFO - 📤 Enviando lote df054cb5-22ec-4f65-b40b-ff7540da448e (1 evento(s)) al backend...
2025-09-14 16:43:09,323 - ERROR - ERROR DE CLIENTE (4xx) al enviar lote df054cb5-22ec-4f65-b40b-ff7540da448e. Respuesta: 400 <!DOCTYPE html>
<html class="h-full" lang="en-US" dir="ltr">
  <head>
    <link rel="preload" href="https://cdn.ngrok.com/static/fonts/euclid-square/EuclidSquare-Regular-WebS.woff" as="font" type="font/woff" crossorigin="anonymous" />
    <link rel="preload" href="https://cdn.ngrok.com/static/fonts/euclid-square/EuclidSquare-RegularItalic-WebS.woff" as="font" type="font/woff" crossorigin="anonymous" />
    <link rel="preload" href="https://cdn.ngrok.com/static/fonts/euclid-square/EuclidSquare-Medium-WebS.woff" as="font" type="font/woff" crossorigin="anonymous" />
    <link rel="preload" href="https://cdn.ngrok.com/static/fonts/euclid-square/EuclidSquare-Semibold-WebS.woff" as="font" type="font/woff" crossorigin="anonymous" />
    <link rel="preload" href="https://cdn.ngrok.com/static/fonts/euclid-square/EuclidSquare-MediumItalic-WebS.woff" as="font" type="font/woff" crossorigin="anonymous" />
    <link rel="preload" href="https://cdn.ngrok.com/static/fonts/ibm-plex-mono/IBMPlexMono-Text.woff" as="font" type="font/woff" crossorigin="anonymous" />
    <link rel="preload" href="https://cdn.ngrok.com/static/fonts/ibm-plex-mono/IBMPlexMono-TextItalic.woff" as="font" type="font/woff" crossorigin="anonymous" />
    <link rel="preload" href="https://cdn.ngrok.com/static/fonts/ibm-plex-mono/IBMPlexMono-SemiBold.woff" as="font" type="font/woff" crossorigin="anonymous" />
    <link rel="preload" href="https://cdn.ngrok.com/static/fonts/ibm-plex-mono/IBMPlexMono-SemiBoldItalic.woff" as="font" type="font/woff" crossorigin="anonymous" />
    <meta charset="utf-8">
    <meta name="author" content="ngrok">
    <meta name="description" content="ngrok is the fastest way to put anything on the internet with a single command.">
    <meta name="robots" content="noindex, nofollow">
    <meta name="viewport" content="width=device-width, initial-scale=1">
    <link id="style" rel="stylesheet" href="https://cdn.ngrok.com/static/css/error.css">
    <noscript>Traffic was successfully tunneled to the ngrok agent, but the agent failed to establish a connection to the upstream web service at localhost:8000. (ERR_NGROK_8012)</noscript>
    <script id="script" src="https://cdn.ngrok.com/static/js/error.js" type="text/javascript"></script>
  </head>
  <body class="h-full" id="ngrok">
    <div id="root" data-payload="eyJhZGRyIjoibG9jYWxob3N0OjgwMDAiLCJjZG5CYXNlIjoiaHR0cHM6Ly9jZG4ubmdyb2suY29tLyIsImNvZGUiOiI4MDEyIiwiZXJyb3JUZXh0IjoiZGlhbCB0Y3AgWzo6MV06ODAwMDogY29ubmVjdGV4OiBObyBzZSBwdWVkZSBlc3RhYmxlY2VyIHVuYSBjb25leGnDs24geWEgcXVlIGVsIGVxdWlwbyBkZSBkZXN0aW5vIGRlbmVnw7MgZXhwcmVzYW1lbnRlIGRpY2hhIGNvbmV4acOzbi4iLCJtZXNzYWdlIjoiVHJhZmZpYyB3YXMgc3VjY2Vzc2Z1bGx5IHR1bm5lbGVkIHRvIHRoZSBuZ3JvayBhZ2VudCwgYnV0IHRoZSBhZ2VudCBmYWlsZWQgdG8gZXN0YWJsaXNoIGEgY29ubmVjdGlvbiB0byB0aGUgdXBzdHJlYW0gd2ViIHNlcnZpY2UgYXQgbG9jYWxob3N0OjgwMDAuIiwic2NoZW1lIjoiaHR0cCIsInRpdGxlIjoiQmFkIFJlcXVlc3QifQ=="></div>
  </body>
</html>

2025-09-14 16:43:09,341 - ERROR -    El lote se descartará y no se reintentará.
2025-09-14 16:43:38,170 - INFO - ℹ️ Reporte de estado recibido. Poniendo en cola para envío...
2025-09-14 16:43:38,171 - INFO - 📤 Enviando lote 5d22bc22-7b27-49b8-81ed-1a7706445119 (1 evento(s)) al backend...
2025-09-14 16:43:39,421 - INFO - ✅ Envío exitoso. Lote 5d22bc22-7b27-49b8-81ed-1a7706445119. Respuesta del servidor: 200
2025-09-14 16:44:08,223 - INFO - ℹ️ Reporte de estado recibido. Poniendo en cola para envío...
2025-09-14 16:44:08,224 - INFO - 📤 Enviando lote dfc05a05-cbf6-4738-b42b-9ef201dd3334 (1 evento(s)) al backend...
2025-09-14 16:44:09,825 - INFO - ✅ Envío exitoso. Lote dfc05a05-cbf6-4738-b42b-9ef201dd3334. Respuesta del servidor: 200
2025-09-14 16:47:27,861 - INFO - 🔄 Realizando carga inicial de la base de datos de productos...
2025-09-14 16:47:29,921 - INFO - ✅ Base de datos de productos cargada desde el backend: http://localhost:8000/api/products.json
2025-09-14 16:47:29,922 - INFO - Intentando conectar al ESP32 en COM3...
2025-09-14 16:47:29,923 - INFO - 🛰️  Hilo de envío offline iniciado.
2025-09-14 16:47:29,925 - INFO - 🧠 Cerebro Principal iniciado. Esperando eventos...
2025-09-14 16:47:31,925 - INFO - ✅ Conexión con ESP32 exitosa.
2025-09-14 16:47:34,445 - INFO - [Cámara 0] Cámara abierta y lista.
2025-09-14 16:47:38,608 - INFO - ✅ Offset de tiempo global inicial calculado.
2025-09-14 16:47:38,608 - INFO - ℹ️ Reporte de estado recibido. Poniendo en cola para envío...
2025-09-14 16:47:38,610 - INFO - 📤 Enviando lote 89685f00-649e-42f1-a4db-59ecdbd9408d (1 evento(s)) al backend...
2025-09-14 16:47:40,757 - INFO - ✅ Envío exitoso. Lote 89685f00-649e-42f1-a4db-59ecdbd9408d. Respuesta del servidor: 200
2025-09-14 16:50:20,505 - INFO - 🔄 Realizando carga inicial de la base de datos de productos...
2025-09-14 16:50:22,553 - INFO - ✅ Base de datos de productos cargada desde el backend: http://localhost:8000/api/products.json
2025-09-14 16:50:22,554 - INFO - Intentando conectar al ESP32 en COM3...
2025-09-14 16:50:22,555 - INFO - 🛰️  Hilo de envío offline iniciado.
2025-09-14 16:50:22,557 - INFO - 🧠 Cerebro Principal iniciado. Esperando eventos...
2025-09-14 16:50:24,557 - INFO - ✅ Conexión con ESP32 exitosa.
2025-09-14 16:50:26,154 - INFO - [Cámara 0] Cámara abierta y lista.
2025-09-14 16:50:38,940 - INFO - ✅ Offset de tiempo global inicial calculado.
2025-09-14 16:50:38,940 - INFO - ℹ️ Reporte de estado recibido. Poniendo en cola para envío...
2025-09-14 16:50:38,941 - INFO - 📤 Enviando lote 9da0213e-c07a-4ddb-a668-5a4511fdf717 (1 evento(s)) al backend...
2025-09-14 16:50:40,982 - INFO - ✅ Envío exitoso. Lote 9da0213e-c07a-4ddb-a668-5a4511fdf717. Respuesta del servidor: 200
2025-09-14 16:51:08,994 - INFO - ℹ️ Reporte de estado recibido. Poniendo en cola para envío...
2025-09-14 16:51:08,996 - INFO - 📤 Enviando lote 3780dade-cbe8-42d1-995b-77006f998e4e (1 evento(s)) al backend...
2025-09-14 16:51:11,049 - INFO - ✅ Envío exitoso. Lote 3780dade-cbe8-42d1-995b-77006f998e4e. Respuesta del servidor: 200
2025-09-14 16:51:39,050 - INFO - ℹ️ Reporte de estado recibido. Poniendo en cola para envío...
2025-09-14 16:51:39,053 - INFO - 📤 Enviando lote e4f9e0f3-93b1-4aeb-86b2-df0a36d7a372 (1 evento(s)) al backend...
2025-09-14 16:51:41,092 - INFO - ✅ Envío exitoso. Lote e4f9e0f3-93b1-4aeb-86b2-df0a36d7a372. Respuesta del servidor: 200
2025-09-14 16:52:09,105 - INFO - ℹ️ Reporte de estado recibido. Poniendo en cola para envío...
2025-09-14 16:52:09,110 - INFO - 📤 Enviando lote 3a779491-1273-4bc3-89bf-6aebf398cae5 (1 evento(s)) al backend...
2025-09-14 16:52:11,155 - INFO - ✅ Envío exitoso. Lote 3a779491-1273-4bc3-89bf-6aebf398cae5. Respuesta del servidor: 200
2025-09-14 16:52:39,158 - INFO - ℹ️ Reporte de estado recibido. Poniendo en cola para envío...
2025-09-14 16:52:39,160 - INFO - 📤 Enviando lote cacba9aa-fc22-41de-ae02-fd91b8530ed4 (1 evento(s)) al backend...
2025-09-14 16:52:41,211 - INFO - ✅ Envío exitoso. Lote cacba9aa-fc22-41de-ae02-fd91b8530ed4. Respuesta del servidor: 200
2025-09-14 16:53:09,212 - INFO - ℹ️ Reporte de estado recibido. Poniendo en cola para envío...
2025-09-14 16:53:09,215 - INFO - 📤 Enviando lote e3be56c2-fe33-43ec-a910-bdbde876cb05 (1 evento(s)) al backend...
2025-09-14 16:53:13,273 - ERROR - ERROR DE RED al enviar lote e3be56c2-fe33-43ec-a910-bdbde876cb05: HTTPConnectionPool(host='localhost', port=8000): Max retries exceeded with url: /NEVERA-001-SANTAROSA (Caused by NewConnectionError('<urllib3.connection.HTTPConnection object at 0x0000026400F2E360>: Failed to establish a new connection: [WinError 10061] No se puede establecer una conexión ya que el equipo de destino denegó expresamente dicha conexión'))
2025-09-14 16:53:39,268 - INFO - ℹ️ Reporte de estado recibido. Poniendo en cola para envío...
2025-09-14 16:53:39,270 - INFO - 📤 Enviando lote ecf6b086-8a9a-489e-adb4-6376e650f62c (1 evento(s)) al backend...
2025-09-14 16:53:43,357 - ERROR - ERROR DE RED al enviar lote ecf6b086-8a9a-489e-adb4-6376e650f62c: HTTPConnectionPool(host='localhost', port=8000): Max retries exceeded with url: /NEVERA-001-SANTAROSA (Caused by NewConnectionError('<urllib3.connection.HTTPConnection object at 0x0000026400F2F240>: Failed to establish a new connection: [WinError 10061] No se puede establecer una conexión ya que el equipo de destino denegó expresamente dicha conexión'))
2025-09-14 16:54:09,325 - INFO - ℹ️ Reporte de estado recibido. Poniendo en cola para envío...
2025-09-14 16:54:09,327 - INFO - 📤 Enviando lote 0ab037e7-0795-4df8-86fb-2265475f5935 (1 evento(s)) al backend...
2025-09-14 16:54:13,435 - ERROR - ERROR DE RED al enviar lote 0ab037e7-0795-4df8-86fb-2265475f5935: HTTPConnectionPool(host='localhost', port=8000): Max retries exceeded with url: /NEVERA-001-SANTAROSA (Caused by NewConnectionError('<urllib3.connection.HTTPConnection object at 0x0000026400F2F460>: Failed to establish a new connection: [WinError 10061] No se puede establecer una conexión ya que el equipo de destino denegó expresamente dicha conexión'))
2025-09-14 16:55:22,849 - INFO - 🔄 Realizando carga inicial de la base de datos de productos...
2025-09-14 16:55:24,902 - INFO - ✅ Base de datos de productos cargada desde el backend: http://localhost:8000/api/products.json
2025-09-14 16:55:24,905 - INFO - Intentando conectar al ESP32 en COM3...
2025-09-14 16:55:24,906 - INFO - 🛰️  Hilo de envío offline iniciado.
2025-09-14 16:55:24,908 - INFO - 🧠 Cerebro Principal iniciado. Esperando eventos...
2025-09-14 16:55:26,907 - INFO - ✅ Conexión con ESP32 exitosa.
2025-09-14 16:55:29,023 - INFO - [Cámara 0] Cámara abierta y lista.
2025-09-14 16:55:39,502 - INFO - ✅ Offset de tiempo global inicial calculado.
2025-09-14 16:55:39,502 - INFO - ℹ️ Reporte de estado recibido. Poniendo en cola para envío...
2025-09-14 16:55:39,504 - INFO - 📤 Enviando lote cf7517e2-ffeb-4018-b00f-1c955d1b3bba (1 evento(s)) al backend...
2025-09-14 16:55:41,547 - INFO - ✅ Envío exitoso. Lote cf7517e2-ffeb-4018-b00f-1c955d1b3bba. Respuesta del servidor: 200
2025-09-14 16:56:09,556 - INFO - ℹ️ Reporte de estado recibido. Poniendo en cola para envío...
2025-09-14 16:56:09,559 - INFO - 📤 Enviando lote 8ccfdc4a-af83-4a50-b6f1-12e73045dbc5 (1 evento(s)) al backend...
2025-09-14 16:56:11,599 - INFO - ✅ Envío exitoso. Lote 8ccfdc4a-af83-4a50-b6f1-12e73045dbc5. Respuesta del servidor: 200
2025-09-14 16:56:39,610 - INFO - ℹ️ Reporte de estado recibido. Poniendo en cola para envío...
2025-09-14 16:56:39,612 - INFO - 📤 Enviando lote 1b9611b0-2eb9-4d0d-8f51-3837b2969582 (1 evento(s)) al backend...
2025-09-14 16:56:41,652 - INFO - ✅ Envío exitoso. Lote 1b9611b0-2eb9-4d0d-8f51-3837b2969582. Respuesta del servidor: 200
2025-09-14 16:57:09,664 - INFO - ℹ️ Reporte de estado recibido. Poniendo en cola para envío...
2025-09-14 16:57:09,665 - INFO - 📤 Enviando lote ec0a995a-c496-4c46-8659-ecce616cedc3 (1 evento(s)) al backend...
2025-09-14 16:57:11,719 - INFO - ✅ Envío exitoso. Lote ec0a995a-c496-4c46-8659-ecce616cedc3. Respuesta del servidor: 200
2025-09-14 16:57:39,718 - INFO - ℹ️ Reporte de estado recibido. Poniendo en cola para envío...
2025-09-14 16:57:39,720 - INFO - 📤 Enviando lote 74ead4ae-9137-4592-b82b-308a6e80add4 (1 evento(s)) al backend...
2025-09-14 16:57:41,766 - INFO - ✅ Envío exitoso. Lote 74ead4ae-9137-4592-b82b-308a6e80add4. Respuesta del servidor: 200
2025-09-14 16:58:09,774 - INFO - ℹ️ Reporte de estado recibido. Poniendo en cola para envío...
2025-09-14 16:58:09,775 - INFO - 📤 Enviando lote 2e246b3f-fb3e-4171-8dcf-375c2a382d21 (1 evento(s)) al backend...
2025-09-14 16:58:11,824 - INFO - ✅ Envío exitoso. Lote 2e246b3f-fb3e-4171-8dcf-375c2a382d21. Respuesta del servidor: 200
2025-09-14 19:12:35,979 - INFO - 🔄 Realizando carga inicial de la base de datos de productos...
2025-09-14 19:12:42,518 - WARNING - No se pudo conectar al backend para descargar la base de datos (503 Server Error: Service Unavailable for url: https://9dfd069ea59e.ngrok-free.app/api/products.json).
2025-09-14 19:12:42,519 - WARNING - ↪️ FALLBACK: Intentando cargar la última versión local desde 'd:\Desktop\GITHUB jumaar\vorak\MODULO-NEVERA\products.json'.
2025-09-14 19:12:42,520 - INFO - ✅ Base de datos local cargada con 20 entradas.
2025-09-14 19:12:42,524 - INFO - Intentando conectar al ESP32 en /dev/ttyUSB0...
2025-09-14 19:12:42,525 - INFO - Intentando conectar al ESP32 en COM3...
2025-09-14 19:12:42,525 - INFO - 🛰️  Hilo de envío offline iniciado.
2025-09-14 19:12:42,526 - INFO - 🔄 [Updater] Hilo de actualización de base de datos iniciado.
2025-09-14 19:12:42,526 - INFO - 🔄 [Updater] Verificando actualizaciones de la base de datos de productos...
2025-09-14 19:12:42,527 - INFO - ✅ Conexión con ESP32 exitosa en COM3.
2025-09-14 19:12:42,527 - INFO - 🧠 Cerebro Principal iniciado. Esperando eventos...
2025-09-14 19:12:43,977 - INFO - ✅ [Updater] La base de datos de productos ya está actualizada.
2025-09-14 19:12:46,759 - INFO - [Cámara 0] Cámara abierta y lista.
2025-09-14 19:12:57,698 - INFO - ✅ Offset de tiempo global inicial calculado.
2025-09-14 19:12:57,699 - INFO - ℹ️ Reporte de estado recibido. Actualizando kiosko...
2025-09-14 19:12:57,700 - INFO -    -> Intervalo de 900s cumplido. Poniendo reporte en cola para envío al backend.
2025-09-14 19:12:57,701 - INFO - 📤 Enviando lote 76ecc2f4-9912-46b7-ab1f-0879d6da73ce (1 evento(s)) al backend...
2025-09-14 19:12:58,913 - INFO - ✅ Envío exitoso. Lote 76ecc2f4-9912-46b7-ab1f-0879d6da73ce. Respuesta del servidor: 200
2025-09-14 19:13:27,793 - INFO - ℹ️ Reporte de estado recibido. Actualizando kiosko...
2025-09-14 19:13:57,887 - INFO - ℹ️ Reporte de estado recibido. Actualizando kiosko...
2025-09-14 19:14:27,980 - INFO - ℹ️ Reporte de estado recibido. Actualizando kiosko...
2025-09-14 19:14:56,156 - INFO - 🚪 Puerta Abierta! Iniciando sesión de captura...
2025-09-14 19:15:14,746 - INFO - 🚪 Puerta Cerrada o Timeout. Finalizando captura y delegando al procesador...
2025-09-14 19:15:14,747 - INFO - ==================== ⚙️ INICIO ANÁLISIS DE SESIÓN ====================
2025-09-14 19:15:14,747 - INFO - 🧠 Sistema en modo IDLE, listo para la siguiente apertura.
2025-09-14 19:15:18,301 - INFO -   - Datos de entrada: 93 detecciones de ArUco, 4 eventos de sensor.
2025-09-14 19:15:18,302 - INFO -   - Resultado: 1 transacciones netas para enviar.
2025-09-14 19:15:18,303 - INFO - ==============================================================
2025-09-14 19:15:18,303 - INFO - 📤 Enviando lote ead0112b-f0c3-4a4e-b479-43be4936d197 (1 evento(s)) al backend...
2025-09-14 19:15:19,835 - INFO - ✅ Envío exitoso. Lote ead0112b-f0c3-4a4e-b479-43be4936d197. Respuesta del servidor: 200
2025-09-14 19:15:28,166 - INFO - ℹ️ Reporte de estado recibido. Actualizando kiosko...
2025-09-14 19:15:58,260 - INFO - ℹ️ Reporte de estado recibido. Actualizando kiosko...
2025-09-14 19:16:28,265 - INFO - ℹ️ Reporte de estado recibido. Actualizando kiosko...
2025-09-14 19:16:42,891 - INFO - 🚪 Puerta Abierta! Iniciando sesión de captura...
2025-09-14 19:16:53,030 - INFO - 🚪 Puerta Cerrada o Timeout. Finalizando captura y delegando al procesador...
2025-09-14 19:16:53,045 - INFO - ==================== ⚙️ INICIO ANÁLISIS DE SESIÓN ====================
2025-09-14 19:16:53,045 - INFO - 🧠 Sistema en modo IDLE, listo para la siguiente apertura.
2025-09-14 19:16:54,834 - INFO -   - Datos de entrada: 27 detecciones de ArUco, 3 eventos de sensor.
2025-09-14 19:16:54,835 - INFO -   - Resultado: 1 transacciones netas para enviar.
2025-09-14 19:16:54,835 - INFO - ==============================================================
2025-09-14 19:16:54,835 - INFO - 📤 Enviando lote 44ab763e-d180-4eb5-b147-891baa4036aa (1 evento(s)) al backend...
2025-09-14 19:16:56,135 - INFO - ✅ Envío exitoso. Lote 44ab763e-d180-4eb5-b147-891baa4036aa. Respuesta del servidor: 200
2025-09-14 19:16:58,276 - INFO - ℹ️ Reporte de estado recibido. Actualizando kiosko...
2025-09-14 19:38:03,037 - INFO - 🔄 Realizando carga inicial de la base de datos de productos...
2025-09-14 19:38:04,275 - INFO - ✅ Base de datos de productos cargada desde el backend: https://9dfd069ea59e.ngrok-free.app/api/products/NEVERA-001-SANTAROSA
2025-09-14 19:38:04,277 - INFO - Intentando conectar al ESP32 en /dev/ttyUSB0...
2025-09-14 19:38:04,278 - INFO - Intentando conectar al ESP32 en COM3...
2025-09-14 19:38:04,278 - INFO - 🛰️  Hilo de envío offline iniciado.
2025-09-14 19:38:04,279 - INFO - 🔄 [Updater] Hilo de actualización de base de datos iniciado.
2025-09-14 19:38:04,279 - INFO - 🔄 [Updater] Verificando actualizaciones de la base de datos de productos...
2025-09-14 19:38:04,280 - INFO - 🧠 Cerebro Principal iniciado. Esperando eventos...
2025-09-14 19:38:04,280 - INFO - ✅ Conexión con ESP32 exitosa en COM3.
2025-09-14 19:38:05,697 - INFO - ✅ [Updater] La base de datos de productos ya está actualizada.
2025-09-14 19:38:08,482 - INFO - [Cámara 0] Cámara abierta y lista.
2025-09-14 19:38:29,536 - INFO - ✅ Offset de tiempo global inicial calculado.
2025-09-14 19:38:29,537 - INFO - ℹ️ Reporte de estado recibido. Actualizando kiosko...
2025-09-14 19:38:29,538 - INFO -    -> Intervalo de 900s cumplido. Poniendo reporte en cola para envío al backend.
2025-09-14 19:38:29,539 - INFO - 📤 Enviando lote 5b3dc08b-a877-472b-a44e-2bb76eb0c8fc (1 evento(s)) al backend...
2025-09-14 19:38:30,802 - INFO - ✅ Envío exitoso. Lote 5b3dc08b-a877-472b-a44e-2bb76eb0c8fc. Respuesta del servidor: 200
2025-09-14 19:38:59,550 - INFO - ℹ️ Reporte de estado recibido. Actualizando kiosko...
2025-09-14 19:39:29,554 - INFO - ℹ️ Reporte de estado recibido. Actualizando kiosko...
2025-09-14 19:39:59,558 - INFO - ℹ️ Reporte de estado recibido. Actualizando kiosko...
2025-09-14 19:40:29,563 - INFO - ℹ️ Reporte de estado recibido. Actualizando kiosko...
2025-09-14 19:40:59,569 - INFO - ℹ️ Reporte de estado recibido. Actualizando kiosko...
2025-09-14 19:41:29,575 - INFO - ℹ️ Reporte de estado recibido. Actualizando kiosko...
2025-09-14 19:41:59,582 - INFO - ℹ️ Reporte de estado recibido. Actualizando kiosko...
2025-09-14 19:42:29,602 - INFO - ℹ️ Reporte de estado recibido. Actualizando kiosko...
2025-09-14 19:42:59,599 - INFO - ℹ️ Reporte de estado recibido. Actualizando kiosko...
2025-09-14 19:43:29,609 - INFO - ℹ️ Reporte de estado recibido. Actualizando kiosko...
2025-09-14 19:43:59,618 - INFO - ℹ️ Reporte de estado recibido. Actualizando kiosko...
2025-09-15 10:40:42,546 - INFO - Intentando conectar al ESP32 en /dev/ttyUSB0...
2025-09-15 10:40:42,547 - INFO - 🛰️  Hilo de envío offline iniciado.
2025-09-15 10:40:42,548 - INFO - Intentando conectar al ESP32 en COM3...
2025-09-15 10:40:42,548 - INFO - 🔄 [Updater] Hilo de actualización de base de datos iniciado.
2025-09-15 10:40:42,549 - INFO - 🧠 Cerebro Principal iniciado. Esperando eventos...
2025-09-15 10:40:42,549 - INFO - ✅ [Updater] Base de datos cargada desde caché local 'd:\Desktop\GITHUB jumaar\vorak\MODULO-NEVERA\products.json' con 20 entradas.
2025-09-15 10:40:42,550 - INFO - 🔄 [Updater] Verificando actualizaciones de la base de datos de productos...
2025-09-15 10:40:42,550 - INFO - ✅ Conexión con ESP32 exitosa en COM3.
2025-09-15 10:40:43,710 - ERROR - ⚠️ [Updater] Fallo en la conexión durante actualización normal (404 Client Error: Not Found for url: https://9dfd069ea59e.ngrok-free.app/api/products/NEVERA-001-SANTAROSA). Entrando en modo de reintento rápido.
2025-09-15 10:40:49,522 - INFO - ✅ Offset de tiempo global inicial calculado.
2025-09-15 10:40:49,523 - INFO -    -> Intervalo de 900s cumplido. Poniendo reporte en cola para envío al backend.
2025-09-15 10:40:49,524 - INFO - 📤 Enviando lote 832d4c9b-b310-45bf-a2e7-715387852f8e (1 evento(s)) al backend...
2025-09-15 10:40:50,478 - ERROR - ERROR DE CLIENTE (4xx) al enviar lote 832d4c9b-b310-45bf-a2e7-715387852f8e. Respuesta: 404 <!DOCTYPE html>
<html class="h-full" lang="en-US" dir="ltr">
  <head>
    <link rel="preload" href="https://cdn.ngrok.com/static/fonts/euclid-square/EuclidSquare-Regular-WebS.woff" as="font" type="font/woff" crossorigin="anonymous" />
    <link rel="preload" href="https://cdn.ngrok.com/static/fonts/euclid-square/EuclidSquare-RegularItalic-WebS.woff" as="font" type="font/woff" crossorigin="anonymous" />
    <link rel="preload" href="https://cdn.ngrok.com/static/fonts/euclid-square/EuclidSquare-Medium-WebS.woff" as="font" type="font/woff" crossorigin="anonymous" />
    <link rel="preload" href="https://cdn.ngrok.com/static/fonts/euclid-square/EuclidSquare-Semibold-WebS.woff" as="font" type="font/woff" crossorigin="anonymous" />
    <link rel="preload" href="https://cdn.ngrok.com/static/fonts/euclid-square/EuclidSquare-MediumItalic-WebS.woff" as="font" type="font/woff" crossorigin="anonymous" />
    <link rel="preload" href="https://cdn.ngrok.com/static/fonts/ibm-plex-mono/IBMPlexMono-Text.woff" as="font" type="font/woff" crossorigin="anonymous" />
    <link rel="preload" href="https://cdn.ngrok.com/static/fonts/ibm-plex-mono/IBMPlexMono-TextItalic.woff" as="font" type="font/woff" crossorigin="anonymous" />
    <link rel="preload" href="https://cdn.ngrok.com/static/fonts/ibm-plex-mono/IBMPlexMono-SemiBold.woff" as="font" type="font/woff" crossorigin="anonymous" />
    <link rel="preload" href="https://cdn.ngrok.com/static/fonts/ibm-plex-mono/IBMPlexMono-SemiBoldItalic.woff" as="font" type="font/woff" crossorigin="anonymous" />
    <meta charset="utf-8">
    <meta name="author" content="ngrok">
    <meta name="description" content="ngrok is the fastest way to put anything on the internet with a single command.">
    <meta name="robots" content="noindex, nofollow">
    <meta name="viewport" content="width=device-width, initial-scale=1">
    <link id="style" rel="stylesheet" href="https://cdn.ngrok.com/static/css/error.css">
    <noscript>The endpoint 9dfd069ea59e.ngrok-free.app is offline. (ERR_NGROK_3200)</noscript>
    <script id="script" src="https://cdn.ngrok.com/static/js/error.js" type="text/javascript"></script>
  </head>
  <body class="h-full" id="ngrok">
    <div id="root" data-payload="eyJjZG5CYXNlIjoiaHR0cHM6Ly9jZG4ubmdyb2suY29tLyIsImNvZGUiOiIzMjAwIiwibWVzc2FnZSI6IlRoZSBlbmRwb2ludCA5ZGZkMDY5ZWE1OWUubmdyb2stZnJlZS5hcHAgaXMgb2ZmbGluZS4iLCJ0aXRsZSI6Ik5vdCBGb3VuZCJ9"></div>
  </body>
</html>

2025-09-15 10:40:50,518 - ERROR -    El lote se descartará y no se reintentará.
2025-09-15 10:41:15,486 - INFO - 🚪 Puerta Abierta! Iniciando sesión de captura...
2025-09-15 10:41:20,980 - INFO - 🚪 Puerta Cerrada o Timeout. Finalizando captura y delegando al procesador...
2025-09-15 10:41:20,981 - INFO - ==================== ⚙️ INICIO ANÁLISIS DE SESIÓN ====================
2025-09-15 10:41:20,981 - INFO - 🧠 Sistema en modo IDLE, listo para la siguiente apertura.
2025-09-15 10:41:20,981 - WARNING - No se capturaron imágenes en esta sesión.
2025-09-15 10:41:20,982 - INFO -   - Datos de entrada: 0 detecciones de ArUco, 4 eventos de sensor.
2025-09-15 10:41:20,982 - ERROR - ❗ FALLO DE VISIÓN CRÍTICO: Se detectaron cambios de peso pero CERO ArUcos en toda la sesión.
2025-09-15 10:41:20,982 - ERROR -    Posibles causas: Lente de cámara sucia/obstruida, mala iluminación, fallo de cámara, o no se mostraron productos.
2025-09-15 10:41:20,982 - INFO -   - Resultado: 1 transacciones netas para enviar.
2025-09-15 10:41:20,983 - WARNING -   - ❗ Esta sesión contiene transacciones de baja confianza. Las imágenes se guardarán para revisión.
2025-09-15 10:41:20,983 - INFO - 📤 Enviando lote 3fb42450-b924-43f7-a1ba-6f2a4c3894fc (1 evento(s)) al backend...
2025-09-15 10:41:20,984 - INFO - 💾 Guardando 0 imágenes para revisión en: d:\Desktop\GITHUB jumaar\vorak\MODULO-NEVERA\review_queue\3fb42450-b924-43f7-a1ba-6f2a4c3894fc
2025-09-15 10:41:20,985 - INFO - ✅ Imágenes para revisión guardadas con éxito.
2025-09-15 10:41:20,985 - INFO - ==============================================================
2025-09-15 10:41:21,969 - ERROR - ERROR DE CLIENTE (4xx) al enviar lote 3fb42450-b924-43f7-a1ba-6f2a4c3894fc. Respuesta: 404 <!DOCTYPE html>
<html class="h-full" lang="en-US" dir="ltr">
  <head>
    <link rel="preload" href="https://cdn.ngrok.com/static/fonts/euclid-square/EuclidSquare-Regular-WebS.woff" as="font" type="font/woff" crossorigin="anonymous" />
    <link rel="preload" href="https://cdn.ngrok.com/static/fonts/euclid-square/EuclidSquare-RegularItalic-WebS.woff" as="font" type="font/woff" crossorigin="anonymous" />
    <link rel="preload" href="https://cdn.ngrok.com/static/fonts/euclid-square/EuclidSquare-Medium-WebS.woff" as="font" type="font/woff" crossorigin="anonymous" />
    <link rel="preload" href="https://cdn.ngrok.com/static/fonts/euclid-square/EuclidSquare-Semibold-WebS.woff" as="font" type="font/woff" crossorigin="anonymous" />
    <link rel="preload" href="https://cdn.ngrok.com/static/fonts/euclid-square/EuclidSquare-MediumItalic-WebS.woff" as="font" type="font/woff" crossorigin="anonymous" />
    <link rel="preload" href="https://cdn.ngrok.com/static/fonts/ibm-plex-mono/IBMPlexMono-Text.woff" as="font" type="font/woff" crossorigin="anonymous" />
    <link rel="preload" href="https://cdn.ngrok.com/static/fonts/ibm-plex-mono/IBMPlexMono-TextItalic.woff" as="font" type="font/woff" crossorigin="anonymous" />
    <link rel="preload" href="https://cdn.ngrok.com/static/fonts/ibm-plex-mono/IBMPlexMono-SemiBold.woff" as="font" type="font/woff" crossorigin="anonymous" />
    <link rel="preload" href="https://cdn.ngrok.com/static/fonts/ibm-plex-mono/IBMPlexMono-SemiBoldItalic.woff" as="font" type="font/woff" crossorigin="anonymous" />
    <meta charset="utf-8">
    <meta name="author" content="ngrok">
    <meta name="description" content="ngrok is the fastest way to put anything on the internet with a single command.">
    <meta name="robots" content="noindex, nofollow">
    <meta name="viewport" content="width=device-width, initial-scale=1">
    <link id="style" rel="stylesheet" href="https://cdn.ngrok.com/static/css/error.css">
    <noscript>The endpoint 9dfd069ea59e.ngrok-free.app is offline. (ERR_NGROK_3200)</noscript>
    <script id="script" src="https://cdn.ngrok.com/static/js/error.js" type="text/javascript"></script>
  </head>
  <body class="h-full" id="ngrok">
    <div id="root" data-payload="eyJjZG5CYXNlIjoiaHR0cHM6Ly9jZG4ubmdyb2suY29tLyIsImNvZGUiOiIzMjAwIiwibWVzc2FnZSI6IlRoZSBlbmRwb2ludCA5ZGZkMDY5ZWE1OWUubmdyb2stZnJlZS5hcHAgaXMgb2ZmbGluZS4iLCJ0aXRsZSI6Ik5vdCBGb3VuZCJ9"></div>
  </body>
</html>

2025-09-15 10:41:22,007 - ERROR -    El lote se descartará y no se reintentará.
2025-09-15 10:41:43,711 - INFO - 🔄 [Updater] Intentando descargar base de datos (reintento rápido)...
2025-09-15 10:41:44,903 - WARNING - ⚠️ [Updater] No se pudo conectar al backend para la base de datos (404 Client Error: Not Found for url: https://9dfd069ea59e.ngrok-free.app/api/products/NEVERA-001-SANTAROSA). Se reintentará en modo rápido.
2025-09-15 10:41:49,708 - INFO - Deteniendo todos los hilos...
2025-09-15 11:14:25,080 - INFO - Intentando conectar al ESP32 en /dev/ttyUSB0...
2025-09-15 11:14:25,081 - INFO - 🛰️  Hilo de envío offline iniciado.
2025-09-15 11:14:25,081 - INFO - Intentando conectar al ESP32 en COM3...
2025-09-15 11:14:25,081 - INFO - 🔄 [Updater] Hilo de actualización de base de datos iniciado.
2025-09-15 11:14:25,083 - INFO - 🧠 Cerebro Principal iniciado. Esperando eventos...
2025-09-15 11:14:25,084 - INFO - ✅ Conexión con ESP32 exitosa en COM3.
2025-09-15 11:14:25,085 - INFO - ✅ [Updater] Base de datos cargada desde caché local 'd:\Desktop\GITHUB jumaar\vorak\MODULO-NEVERA\products.json' con 20 entradas.
2025-09-15 11:14:25,085 - INFO - 🔄 [Updater] Verificando actualizaciones de la base de datos de productos...
2025-09-15 11:14:26,489 - ERROR - ⚠️ [Updater] Fallo en la conexión durante actualización normal (404 Client Error: Not Found for url: https://9dfd069ea59e.ngrok-free.app/api/products/NEVERA-001-SANTAROSA). Entrando en modo de reintento rápido.
2025-09-15 11:14:49,920 - INFO - ✅ Offset de tiempo global inicial calculado.
2025-09-15 11:14:49,920 - INFO - 🚪 Puerta Abierta! Iniciando sesión de captura...
2025-09-15 11:14:54,356 - INFO - 🚪 Puerta Cerrada o Timeout. Finalizando captura y delegando al procesador...
2025-09-15 11:14:54,357 - INFO - ==================== ⚙️ INICIO ANÁLISIS DE SESIÓN ====================
2025-09-15 11:14:54,357 - INFO - 🧠 Sistema en modo IDLE, listo para la siguiente apertura.
2025-09-15 11:14:54,358 - WARNING - No se capturaron imágenes en esta sesión.
2025-09-15 11:14:54,358 - INFO -   - Datos de entrada: 0 detecciones de ArUco, 3 eventos de sensor.
2025-09-15 11:14:54,359 - ERROR - ❗ FALLO DE VISIÓN CRÍTICO: Se detectaron cambios de peso pero CERO ArUcos en toda la sesión.
2025-09-15 11:14:54,359 - ERROR -    Posibles causas: Lente de cámara sucia/obstruida, mala iluminación, fallo de cámara, o no se mostraron productos.
2025-09-15 11:14:54,360 - INFO -   - Resultado: 1 transacciones netas para enviar.
2025-09-15 11:14:54,360 - WARNING -   - ❗ Esta sesión contiene transacciones de baja confianza. Las imágenes se guardarán para revisión.
2025-09-15 11:14:54,361 - INFO - 📤 Enviando lote 558dc741-19ee-45cc-859c-b9d4bb764ecb (1 evento(s)) al backend...
2025-09-15 11:14:54,361 - INFO - 💾 Guardando 0 imágenes para revisión en: d:\Desktop\GITHUB jumaar\vorak\MODULO-NEVERA\review_queue\558dc741-19ee-45cc-859c-b9d4bb764ecb
2025-09-15 11:14:54,368 - INFO - ✅ Imágenes para revisión guardadas con éxito.
2025-09-15 11:14:54,370 - INFO - ==============================================================
2025-09-15 11:14:55,295 - WARNING - ⚠️ Endpoint no encontrado (404) al enviar lote 558dc741-19ee-45cc-859c-b9d4bb764ecb. Se reintentará, asumiendo que es un problema temporal.
2025-09-15 11:14:55,298 - WARNING -    Reintentando envío en 5s... (Intento 1/3)
2025-09-15 11:14:55,491 - INFO -    -> Intervalo de 900s cumplido. Poniendo reporte en cola para envío al backend.
2025-09-15 11:15:00,299 - INFO - 📤 Enviando lote 10737c2b-6838-48db-a795-b4275209b38a (1 evento(s)) al backend...
2025-09-15 11:15:01,364 - WARNING - ⚠️ Endpoint no encontrado (404) al enviar lote 10737c2b-6838-48db-a795-b4275209b38a. Se reintentará, asumiendo que es un problema temporal.
2025-09-15 11:15:01,367 - INFO - 📤 Enviando lote 558dc741-19ee-45cc-859c-b9d4bb764ecb (1 evento(s)) al backend...
2025-09-15 11:15:02,377 - WARNING - ⚠️ Endpoint no encontrado (404) al enviar lote 558dc741-19ee-45cc-859c-b9d4bb764ecb. Se reintentará, asumiendo que es un problema temporal.
2025-09-15 11:15:02,379 - WARNING -    Reintentando envío en 5s... (Intento 2/3)
2025-09-15 11:15:07,380 - INFO - 📤 Enviando lote 558dc741-19ee-45cc-859c-b9d4bb764ecb (1 evento(s)) al backend...
2025-09-15 11:15:08,439 - WARNING - ⚠️ Endpoint no encontrado (404) al enviar lote 558dc741-19ee-45cc-859c-b9d4bb764ecb. Se reintentará, asumiendo que es un problema temporal.
2025-09-15 11:15:08,442 - ERROR -    Máximo de reintentos alcanzado. Guardando para envío offline.
2025-09-15 11:15:08,444 - INFO -    Lote 558dc741-19ee-45cc-859c-b9d4bb764ecb guardado en d:\Desktop\GITHUB jumaar\vorak\MODULO-NEVERA\offline_queue\558dc741-19ee-45cc-859c-b9d4bb764ecb.json
2025-09-15 11:15:25,080 - INFO - 📤 Enviando lote 558dc741-19ee-45cc-859c-b9d4bb764ecb (1 evento(s)) al backend...
2025-09-15 11:15:26,179 - WARNING - ⚠️ Endpoint no encontrado (404) al enviar lote 558dc741-19ee-45cc-859c-b9d4bb764ecb. Se reintentará, asumiendo que es un problema temporal.
2025-09-15 11:15:26,503 - INFO - 🔄 [Updater] Intentando descargar base de datos (reintento rápido)...
2025-09-15 11:15:27,680 - WARNING - ⚠️ [Updater] No se pudo conectar al backend para la base de datos (404 Client Error: Not Found for url: https://9dfd069ea59e.ngrok-free.app/api/products/NEVERA-001-SANTAROSA). Se reintentará en modo rápido.
2025-09-15 14:31:19,241 - INFO - Intentando conectar al ESP32 en /dev/ttyUSB0...
2025-09-15 14:31:19,242 - INFO - Intentando conectar al ESP32 en COM3...
2025-09-15 14:31:19,243 - INFO - 🛰️  Hilo de envío offline iniciado.
2025-09-15 14:31:19,243 - INFO - 🔄 [Updater] Hilo de actualización de base de datos iniciado.
2025-09-15 14:31:19,244 - INFO - 🧠 Cerebro Principal iniciado. Esperando eventos...
2025-09-15 14:31:19,244 - INFO - ✅ [Updater] Base de datos cargada desde caché local 'd:\Desktop\GITHUB jumaar\vorak\MODULO-NEVERA\products.json' con 20 entradas.
2025-09-15 14:31:19,244 - INFO - ✅ Conexión con ESP32 exitosa en COM3.
2025-09-15 14:31:19,245 - INFO - 🔄 [Updater] Verificando actualizaciones de la base de datos de productos...
2025-09-15 14:31:19,245 - INFO - 🔑 Solicitando nuevo token de autenticación JWT...
2025-09-15 14:31:20,871 - ERROR - ❌ Error de red al intentar obtener el token JWT: 401 Client Error: Unauthorized for url: https://9654dbf89323.ngrok-free.app/api/auth/login
2025-09-15 14:31:20,897 - WARNING - ⚠️ [Updater] No se puede actualizar la DB de productos, no hay token de autenticación. Reintentando...
2025-09-15 14:31:23,443 - INFO - ✅ Offset de tiempo global inicial calculado.
2025-09-15 14:31:23,445 - INFO -    -> Intervalo de 900s cumplido. Poniendo reporte en cola para envío al backend.
2025-09-15 14:31:23,446 - INFO - 🔑 Solicitando nuevo token de autenticación JWT...
2025-09-15 14:31:24,988 - ERROR - ❌ Error de red al intentar obtener el token JWT: 401 Client Error: Unauthorized for url: https://9654dbf89323.ngrok-free.app/api/auth/login
2025-09-15 14:31:24,991 - ERROR - ❌ No se pudo enviar el lote 031de80a-b2b7-4af7-b97d-957fb75f52cc porque no hay token de autenticación.
2025-09-15 14:32:20,911 - INFO - 🔄 [Updater] Intentando descargar base de datos (reintento rápido)...
2025-09-15 14:32:20,912 - INFO - 🔑 Solicitando nuevo token de autenticación JWT...
2025-09-15 14:32:22,708 - ERROR - ❌ Error de red al intentar obtener el token JWT: 401 Client Error: Unauthorized for url: https://9654dbf89323.ngrok-free.app/api/auth/login
2025-09-15 14:32:22,710 - WARNING - ⚠️ [Updater] No se puede actualizar la DB de productos, no hay token de autenticación. Reintentando...
2025-09-15 15:20:42,985 - INFO - Intentando conectar al ESP32 en /dev/ttyUSB0...
2025-09-15 15:20:42,986 - INFO - Intentando conectar al ESP32 en COM3...
2025-09-15 15:20:42,986 - INFO - 🛰️  Hilo de envío offline iniciado.
2025-09-15 15:20:42,986 - INFO - 🔄 [Updater] Hilo de actualización de base de datos iniciado.
2025-09-15 15:20:42,987 - INFO - 🧠 Cerebro Principal iniciado. Esperando eventos...
2025-09-15 15:20:42,988 - INFO - ✅ [Updater] Base de datos cargada desde caché local 'd:\Desktop\GITHUB jumaar\vorak\MODULO-NEVERA\products.json' con 20 entradas.
2025-09-15 15:20:42,988 - INFO - ✅ Conexión con ESP32 exitosa en COM3.
2025-09-15 15:20:42,989 - INFO - 🔄 [Updater] Verificando actualizaciones de la base de datos de productos...
2025-09-15 15:20:42,989 - INFO - 🔑 Solicitando nuevo token de autenticación JWT...
2025-09-15 15:20:45,111 - INFO - ✅ Nuevo token JWT obtenido con éxito.
2025-09-15 15:20:46,345 - INFO - ✨ [Updater] Nueva versión de la base de datos encontrada. Actualizando...
2025-09-15 15:20:46,347 - INFO - ✅ [Updater] Base de datos en memoria y caché local actualizadas.
2025-09-15 15:21:00,331 - INFO - ✅ Offset de tiempo global inicial calculado.
2025-09-15 15:21:00,333 - INFO -    -> Intervalo de 900s cumplido. Poniendo reporte en cola para envío al backend.
2025-09-15 15:21:00,333 - INFO - 📤 Enviando lote f89de7a2-d9c4-48a2-9bc0-a7b82590c479 (1 evento(s)) al backend...
2025-09-15 15:21:01,555 - INFO - ✅ Envío exitoso. Lote f89de7a2-d9c4-48a2-9bc0-a7b82590c479. Respuesta del servidor: 200
2025-09-15 15:36:02,416 - INFO -    -> Intervalo de 900s cumplido. Poniendo reporte en cola para envío al backend.
2025-09-15 15:36:02,417 - INFO - 📤 Enviando lote f600691b-3728-4ffd-93fa-a01330bd147a (1 evento(s)) al backend...
2025-09-15 15:36:03,813 - INFO - ✅ Envío exitoso. Lote f600691b-3728-4ffd-93fa-a01330bd147a. Respuesta del servidor: 200
2025-09-15 15:51:04,524 - INFO -    -> Intervalo de 900s cumplido. Poniendo reporte en cola para envío al backend.
2025-09-15 15:51:04,524 - INFO - 📤 Enviando lote 94c0051a-bb81-4fdd-a436-796a84624fa2 (1 evento(s)) al backend...
2025-09-15 15:51:05,972 - INFO - ✅ Envío exitoso. Lote 94c0051a-bb81-4fdd-a436-796a84624fa2. Respuesta del servidor: 200
